{"/home/travis/build/npmtest/node-npmtest-dompurify/test.js":{"path":"/home/travis/build/npmtest/node-npmtest-dompurify/test.js","s":{"1":2,"2":2,"3":2,"4":2,"5":2,"6":2,"7":2,"8":1,"9":2,"10":2,"11":1,"12":1,"13":1,"14":1,"15":2,"16":2,"17":2,"18":2,"19":1,"20":1,"21":2,"22":2,"23":2,"24":1,"25":1,"26":1,"27":1,"28":1,"29":1,"30":1,"31":1,"32":1,"33":1,"34":1,"35":1,"36":1,"37":1,"38":1,"39":2,"40":2,"41":1,"42":2,"43":2,"44":1,"45":2,"46":2,"47":1,"48":2,"49":2,"50":1,"51":1,"52":1,"53":1,"54":1},"b":{"1":[2,1,1,1],"2":[1,1,1,1],"3":[1,1],"4":[1,1],"5":[1,1],"6":[1,1],"7":[1,1],"8":[1,1],"9":[1,1],"10":[1,1,1],"11":[1,1],"12":[1,1],"13":[1,1],"14":[1,1],"15":[1,1],"16":[1,1],"17":[1,1]},"f":{"1":2,"2":2,"3":2,"4":2,"5":2,"6":1,"7":1,"8":1,"9":2,"10":2,"11":2,"12":2,"13":1},"fnMap":{"1":{"name":"(anonymous_1)","line":12,"loc":{"start":{"line":12,"column":1},"end":{"line":12,"column":13}}},"2":{"name":"(anonymous_2)","line":19,"loc":{"start":{"line":19,"column":5},"end":{"line":19,"column":17}}},"3":{"name":"(anonymous_3)","line":23,"loc":{"start":{"line":23,"column":24},"end":{"line":23,"column":36}}},"4":{"name":"(anonymous_4)","line":61,"loc":{"start":{"line":61,"column":5},"end":{"line":61,"column":17}}},"5":{"name":"(anonymous_5)","line":82,"loc":{"start":{"line":82,"column":5},"end":{"line":82,"column":17}}},"6":{"name":"(anonymous_6)","line":91,"loc":{"start":{"line":91,"column":77},"end":{"line":94,"column":10}}},"7":{"name":"(anonymous_7)","line":112,"loc":{"start":{"line":112,"column":83},"end":{"line":115,"column":10}},"skip":true},"8":{"name":"(anonymous_8)","line":123,"loc":{"start":{"line":123,"column":77},"end":{"line":126,"column":10}},"skip":true},"9":{"name":"(anonymous_9)","line":139,"loc":{"start":{"line":139,"column":12},"end":{"line":139,"column":40}},"skip":true},"10":{"name":"(anonymous_10)","line":147,"loc":{"start":{"line":147,"column":77},"end":{"line":150,"column":10}},"skip":true},"11":{"name":"(anonymous_11)","line":158,"loc":{"start":{"line":158,"column":83},"end":{"line":161,"column":10}},"skip":true},"12":{"name":"(anonymous_12)","line":169,"loc":{"start":{"line":169,"column":79},"end":{"line":172,"column":10}},"skip":true},"13":{"name":"(anonymous_13)","line":180,"loc":{"start":{"line":180,"column":75},"end":{"line":183,"column":10}},"skip":true}},"statementMap":{"1":{"start":{"line":12,"column":0},"end":{"line":195,"column":5}},"2":{"start":{"line":14,"column":4},"end":{"line":14,"column":14}},"3":{"start":{"line":19,"column":4},"end":{"line":56,"column":9}},"4":{"start":{"line":21,"column":8},"end":{"line":21,"column":19}},"5":{"start":{"line":23,"column":8},"end":{"line":35,"column":13}},"6":{"start":{"line":24,"column":12},"end":{"line":34,"column":13}},"7":{"start":{"line":25,"column":16},"end":{"line":28,"column":30}},"8":{"start":{"line":30,"column":16},"end":{"line":33,"column":27}},"9":{"start":{"line":37,"column":8},"end":{"line":39,"column":21}},"10":{"start":{"line":40,"column":8},"end":{"line":53,"column":9}},"11":{"start":{"line":43,"column":12},"end":{"line":46,"column":14}},"12":{"start":{"line":47,"column":12},"end":{"line":47,"column":18}},"13":{"start":{"line":50,"column":12},"end":{"line":51,"column":46}},"14":{"start":{"line":52,"column":12},"end":{"line":52,"column":18}},"15":{"start":{"line":55,"column":8},"end":{"line":55,"column":35}},"16":{"start":{"line":61,"column":4},"end":{"line":63,"column":9}},"17":{"start":{"line":62,"column":8},"end":{"line":62,"column":15}},"18":{"start":{"line":64,"column":4},"end":{"line":77,"column":5}},"19":{"start":{"line":70,"column":8},"end":{"line":70,"column":14}},"20":{"start":{"line":76,"column":8},"end":{"line":76,"column":14}},"21":{"start":{"line":82,"column":4},"end":{"line":84,"column":9}},"22":{"start":{"line":83,"column":8},"end":{"line":83,"column":15}},"23":{"start":{"line":85,"column":4},"end":{"line":194,"column":5}},"24":{"start":{"line":91,"column":8},"end":{"line":99,"column":10}},"25":{"start":{"line":98,"column":12},"end":{"line":98,"column":35}},"26":{"start":{"line":102,"column":8},"end":{"line":104,"column":63}},"27":{"start":{"line":105,"column":8},"end":{"line":105,"column":14}},"28":{"start":{"line":112,"column":8},"end":{"line":121,"column":10},"skip":true},"29":{"start":{"line":119,"column":12},"end":{"line":119,"column":55},"skip":true},"30":{"start":{"line":120,"column":12},"end":{"line":120,"column":48},"skip":true},"31":{"start":{"line":123,"column":8},"end":{"line":136,"column":10},"skip":true},"32":{"start":{"line":130,"column":12},"end":{"line":130,"column":76},"skip":true},"33":{"start":{"line":131,"column":12},"end":{"line":131,"column":73},"skip":true},"34":{"start":{"line":132,"column":12},"end":{"line":132,"column":74},"skip":true},"35":{"start":{"line":133,"column":12},"end":{"line":133,"column":79},"skip":true},"36":{"start":{"line":134,"column":12},"end":{"line":134,"column":25},"skip":true},"37":{"start":{"line":135,"column":12},"end":{"line":135,"column":45},"skip":true},"38":{"start":{"line":138,"column":8},"end":{"line":145,"column":14},"skip":true},"39":{"start":{"line":143,"column":16},"end":{"line":143,"column":29},"skip":true},"40":{"start":{"line":144,"column":16},"end":{"line":144,"column":55},"skip":true},"41":{"start":{"line":147,"column":8},"end":{"line":156,"column":10},"skip":true},"42":{"start":{"line":154,"column":12},"end":{"line":154,"column":25},"skip":true},"43":{"start":{"line":155,"column":12},"end":{"line":155,"column":45},"skip":true},"44":{"start":{"line":158,"column":8},"end":{"line":167,"column":10},"skip":true},"45":{"start":{"line":165,"column":12},"end":{"line":165,"column":25},"skip":true},"46":{"start":{"line":166,"column":12},"end":{"line":166,"column":48},"skip":true},"47":{"start":{"line":169,"column":8},"end":{"line":178,"column":10},"skip":true},"48":{"start":{"line":176,"column":12},"end":{"line":176,"column":25},"skip":true},"49":{"start":{"line":177,"column":12},"end":{"line":177,"column":46},"skip":true},"50":{"start":{"line":180,"column":8},"end":{"line":189,"column":10},"skip":true},"51":{"start":{"line":187,"column":12},"end":{"line":187,"column":94},"skip":true},"52":{"start":{"line":188,"column":12},"end":{"line":188,"column":48},"skip":true},"53":{"start":{"line":192,"column":8},"end":{"line":192,"column":35},"skip":true},"54":{"start":{"line":193,"column":8},"end":{"line":193,"column":14},"skip":true}},"branchMap":{"1":{"line":25,"type":"binary-expr","locations":[{"start":{"line":25,"column":23},"end":{"line":25,"column":62}},{"start":{"line":26,"column":20},"end":{"line":26,"column":70}},{"start":{"line":27,"column":20},"end":{"line":27,"column":71}},{"start":{"line":28,"column":20},"end":{"line":28,"column":29}}]},"2":{"line":30,"type":"binary-expr","locations":[{"start":{"line":30,"column":23},"end":{"line":30,"column":37}},{"start":{"line":31,"column":20},"end":{"line":31,"column":61}},{"start":{"line":32,"column":20},"end":{"line":32,"column":70}},{"start":{"line":33,"column":20},"end":{"line":33,"column":26}}]},"3":{"line":37,"type":"cond-expr","locations":[{"start":{"line":38,"column":14},"end":{"line":38,"column":20}},{"start":{"line":39,"column":14},"end":{"line":39,"column":20}}]},"4":{"line":40,"type":"switch","locations":[{"start":{"line":42,"column":8},"end":{"line":47,"column":18}},{"start":{"line":49,"column":8},"end":{"line":52,"column":18}}]},"5":{"line":44,"type":"binary-expr","locations":[{"start":{"line":44,"column":16},"end":{"line":44,"column":44}},{"start":{"line":44,"column":48},"end":{"line":44,"column":66}}]},"6":{"line":50,"type":"binary-expr","locations":[{"start":{"line":50,"column":21},"end":{"line":50,"column":49}},{"start":{"line":50,"column":53},"end":{"line":50,"column":72}}]},"7":{"line":64,"type":"switch","locations":[{"start":{"line":69,"column":4},"end":{"line":70,"column":14}},{"start":{"line":75,"column":4},"end":{"line":76,"column":14}}]},"8":{"line":85,"type":"switch","locations":[{"start":{"line":90,"column":4},"end":{"line":105,"column":14}},{"start":{"line":111,"column":4},"end":{"line":193,"column":14},"skip":true}]},"9":{"line":91,"type":"binary-expr","locations":[{"start":{"line":91,"column":42},"end":{"line":91,"column":73}},{"start":{"line":91,"column":77},"end":{"line":99,"column":9}}]},"10":{"line":102,"type":"binary-expr","locations":[{"start":{"line":102,"column":18},"end":{"line":102,"column":32}},{"start":{"line":103,"column":12},"end":{"line":103,"column":53}},{"start":{"line":104,"column":12},"end":{"line":104,"column":61}}]},"11":{"line":112,"type":"binary-expr","locations":[{"start":{"line":112,"column":45},"end":{"line":112,"column":79},"skip":true},{"start":{"line":112,"column":83},"end":{"line":121,"column":9},"skip":true}]},"12":{"line":123,"type":"binary-expr","locations":[{"start":{"line":123,"column":42},"end":{"line":123,"column":73},"skip":true},{"start":{"line":123,"column":77},"end":{"line":136,"column":9},"skip":true}]},"13":{"line":138,"type":"binary-expr","locations":[{"start":{"line":138,"column":48},"end":{"line":138,"column":85},"skip":true},{"start":{"line":139,"column":12},"end":{"line":145,"column":13},"skip":true}]},"14":{"line":147,"type":"binary-expr","locations":[{"start":{"line":147,"column":42},"end":{"line":147,"column":73},"skip":true},{"start":{"line":147,"column":77},"end":{"line":156,"column":9},"skip":true}]},"15":{"line":158,"type":"binary-expr","locations":[{"start":{"line":158,"column":45},"end":{"line":158,"column":79},"skip":true},{"start":{"line":158,"column":83},"end":{"line":167,"column":9},"skip":true}]},"16":{"line":169,"type":"binary-expr","locations":[{"start":{"line":169,"column":43},"end":{"line":169,"column":75},"skip":true},{"start":{"line":169,"column":79},"end":{"line":178,"column":9},"skip":true}]},"17":{"line":180,"type":"binary-expr","locations":[{"start":{"line":180,"column":41},"end":{"line":180,"column":71},"skip":true},{"start":{"line":180,"column":75},"end":{"line":189,"column":9},"skip":true}]}},"code":["/* istanbul instrument in package npmtest_dompurify */","/*jslint","    bitwise: true,","    browser: true,","    maxerr: 8,","    maxlen: 96,","    node: true,","    nomen: true,","    regexp: true,","    stupid: true","*/","(function () {","    'use strict';","    var local;","","","","    // run shared js-env code - pre-init","    (function () {","        // init local","        local = {};","        // init modeJs","        local.modeJs = (function () {","            try {","                return typeof navigator.userAgent === 'string' &&","                    typeof document.querySelector('body') === 'object' &&","                    typeof XMLHttpRequest.prototype.open === 'function' &&","                    'browser';","            } catch (errorCaughtBrowser) {","                return module.exports &&","                    typeof process.versions.node === 'string' &&","                    typeof require('http').createServer === 'function' &&","                    'node';","            }","        }());","        // init global","        local.global = local.modeJs === 'browser'","            ? window","            : global;","        switch (local.modeJs) {","        // re-init local from window.local","        case 'browser':","            local = local.global.utility2.objectSetDefault(","                local.global.utility2_rollup || local.global.local,","                local.global.utility2","            );","            break;","        // re-init local from example.js","        case 'node':","            local = (local.global.utility2_rollup || require('utility2'))","                .requireExampleJsFromReadme();","            break;","        }","        // export local","        local.global.local = local;","    }());","","","","    // run shared js-env code - function","    (function () {","        return;","    }());","    switch (local.modeJs) {","","","","    // run browser js-env code - function","    case 'browser':","        break;","","","","    // run node js-env code - function","    case 'node':","        break;","    }","","","","    // run shared js-env code - post-init","    (function () {","        return;","    }());","    switch (local.modeJs) {","","","","    // run browser js-env code - post-init","    case 'browser':","        local.testCase_browser_nullCase = local.testCase_browser_nullCase || function (","            options,","            onError","        ) {","        /*","         * this function will test browsers's null-case handling-behavior-behavior","         */","            onError(null, options);","        };","","        // run tests","        local.nop(local.modeTest &&","            document.querySelector('#testRunButton1') &&","            document.querySelector('#testRunButton1').click());","        break;","","","","    // run node js-env code - post-init","    /* istanbul ignore next */","    case 'node':","        local.testCase_buildApidoc_default = local.testCase_buildApidoc_default || function (","            options,","            onError","        ) {","        /*","         * this function will test buildApidoc's default handling-behavior-behavior","         */","            options = { modulePathList: module.paths };","            local.buildApidoc(options, onError);","        };","","        local.testCase_buildApp_default = local.testCase_buildApp_default || function (","            options,","            onError","        ) {","        /*","         * this function will test buildApp's default handling-behavior-behavior","         */","            local.testCase_buildReadme_default(options, local.onErrorThrow);","            local.testCase_buildLib_default(options, local.onErrorThrow);","            local.testCase_buildTest_default(options, local.onErrorThrow);","            local.testCase_buildCustomOrg_default(options, local.onErrorThrow);","            options = [];","            local.buildApp(options, onError);","        };","","        local.testCase_buildCustomOrg_default = local.testCase_buildCustomOrg_default ||","            function (options, onError) {","            /*","             * this function will test buildCustomOrg's default handling-behavior","             */","                options = {};","                local.buildCustomOrg(options, onError);","            };","","        local.testCase_buildLib_default = local.testCase_buildLib_default || function (","            options,","            onError","        ) {","        /*","         * this function will test buildLib's default handling-behavior","         */","            options = {};","            local.buildLib(options, onError);","        };","","        local.testCase_buildReadme_default = local.testCase_buildReadme_default || function (","            options,","            onError","        ) {","        /*","         * this function will test buildReadme's default handling-behavior-behavior","         */","            options = {};","            local.buildReadme(options, onError);","        };","","        local.testCase_buildTest_default = local.testCase_buildTest_default || function (","            options,","            onError","        ) {","        /*","         * this function will test buildTest's default handling-behavior","         */","            options = {};","            local.buildTest(options, onError);","        };","","        local.testCase_webpage_default = local.testCase_webpage_default || function (","            options,","            onError","        ) {","        /*","         * this function will test webpage's default handling-behavior","         */","            options = { modeCoverageMerge: true, url: local.serverLocalHost + '?modeTest=1' };","            local.browserTest(options, onError);","        };","","        // run test-server","        local.testRunServer(local);","        break;","    }","}());",""],"l":{"12":2,"14":2,"19":2,"21":2,"23":2,"24":2,"25":2,"30":1,"37":2,"40":2,"43":1,"47":1,"50":1,"52":1,"55":2,"61":2,"62":2,"64":2,"70":1,"76":1,"82":2,"83":2,"85":2,"91":1,"98":1,"102":1,"105":1,"112":1,"119":1,"120":1,"123":1,"130":1,"131":1,"132":1,"133":1,"134":1,"135":1,"138":1,"143":2,"144":2,"147":1,"154":2,"155":2,"158":1,"165":2,"166":2,"169":1,"176":2,"177":2,"180":1,"187":1,"188":1,"192":1,"193":1}},"/home/travis/build/npmtest/node-npmtest-dompurify/lib.npmtest_dompurify.js":{"path":"/home/travis/build/npmtest/node-npmtest-dompurify/lib.npmtest_dompurify.js","s":{"1":2,"2":2,"3":2,"4":2,"5":2,"6":2,"7":2,"8":1,"9":2,"10":2,"11":2,"12":2,"13":1,"14":1,"15":1,"16":1},"b":{"1":[2,1,1,1],"2":[1,1,1,1],"3":[1,1],"4":[2,2],"5":[1,1]},"f":{"1":2,"2":2,"3":2},"fnMap":{"1":{"name":"(anonymous_1)","line":12,"loc":{"start":{"line":12,"column":1},"end":{"line":12,"column":13}}},"2":{"name":"(anonymous_2)","line":19,"loc":{"start":{"line":19,"column":5},"end":{"line":19,"column":17}}},"3":{"name":"(anonymous_3)","line":23,"loc":{"start":{"line":23,"column":24},"end":{"line":23,"column":36}}}},"statementMap":{"1":{"start":{"line":12,"column":0},"end":{"line":53,"column":5}},"2":{"start":{"line":14,"column":4},"end":{"line":14,"column":14}},"3":{"start":{"line":19,"column":4},"end":{"line":52,"column":9}},"4":{"start":{"line":21,"column":8},"end":{"line":21,"column":19}},"5":{"start":{"line":23,"column":8},"end":{"line":35,"column":13}},"6":{"start":{"line":24,"column":12},"end":{"line":34,"column":13}},"7":{"start":{"line":25,"column":16},"end":{"line":28,"column":30}},"8":{"start":{"line":30,"column":16},"end":{"line":33,"column":27}},"9":{"start":{"line":37,"column":8},"end":{"line":39,"column":21}},"10":{"start":{"line":41,"column":8},"end":{"line":41,"column":54}},"11":{"start":{"line":43,"column":8},"end":{"line":43,"column":54}},"12":{"start":{"line":45,"column":8},"end":{"line":51,"column":9}},"13":{"start":{"line":46,"column":12},"end":{"line":46,"column":60}},"14":{"start":{"line":48,"column":12},"end":{"line":48,"column":35}},"15":{"start":{"line":49,"column":12},"end":{"line":49,"column":49}},"16":{"start":{"line":50,"column":12},"end":{"line":50,"column":43}}},"branchMap":{"1":{"line":25,"type":"binary-expr","locations":[{"start":{"line":25,"column":23},"end":{"line":25,"column":62}},{"start":{"line":26,"column":20},"end":{"line":26,"column":70}},{"start":{"line":27,"column":20},"end":{"line":27,"column":71}},{"start":{"line":28,"column":20},"end":{"line":28,"column":29}}]},"2":{"line":30,"type":"binary-expr","locations":[{"start":{"line":30,"column":23},"end":{"line":30,"column":37}},{"start":{"line":31,"column":20},"end":{"line":31,"column":61}},{"start":{"line":32,"column":20},"end":{"line":32,"column":70}},{"start":{"line":33,"column":20},"end":{"line":33,"column":26}}]},"3":{"line":37,"type":"cond-expr","locations":[{"start":{"line":38,"column":14},"end":{"line":38,"column":20}},{"start":{"line":39,"column":14},"end":{"line":39,"column":20}}]},"4":{"line":41,"type":"binary-expr","locations":[{"start":{"line":41,"column":16},"end":{"line":41,"column":44}},{"start":{"line":41,"column":48},"end":{"line":41,"column":53}}]},"5":{"line":45,"type":"if","locations":[{"start":{"line":45,"column":8},"end":{"line":45,"column":8}},{"start":{"line":45,"column":8},"end":{"line":45,"column":8}}]}},"code":["/* istanbul instrument in package npmtest_dompurify */","/*jslint","    bitwise: true,","    browser: true,","    maxerr: 8,","    maxlen: 96,","    node: true,","    nomen: true,","    regexp: true,","    stupid: true","*/","(function () {","    'use strict';","    var local;","","","","    // run shared js-env code - pre-init","    (function () {","        // init local","        local = {};","        // init modeJs","        local.modeJs = (function () {","            try {","                return typeof navigator.userAgent === 'string' &&","                    typeof document.querySelector('body') === 'object' &&","                    typeof XMLHttpRequest.prototype.open === 'function' &&","                    'browser';","            } catch (errorCaughtBrowser) {","                return module.exports &&","                    typeof process.versions.node === 'string' &&","                    typeof require('http').createServer === 'function' &&","                    'node';","            }","        }());","        // init global","        local.global = local.modeJs === 'browser'","            ? window","            : global;","        // init utility2_rollup","        local = local.global.utility2_rollup || local;","        // init lib","        local.local = local.npmtest_dompurify = local;","        // init exports","        if (local.modeJs === 'browser') {","            local.global.utility2_npmtest_dompurify = local;","        } else {","            module.exports = local;","            module.exports.__dirname = __dirname;","            module.exports.module = module;","        }","    }());","}());",""],"l":{"12":2,"14":2,"19":2,"21":2,"23":2,"24":2,"25":2,"30":1,"37":2,"41":2,"43":2,"45":2,"46":1,"48":1,"49":1,"50":1}},"/home/travis/build/npmtest/node-npmtest-dompurify/example.js":{"path":"/home/travis/build/npmtest/node-npmtest-dompurify/example.js","s":{"1":2,"2":2,"3":2,"4":2,"5":2,"6":2,"7":2,"8":1,"9":2,"10":2,"11":2,"12":2,"13":1,"14":2,"15":2,"16":2,"17":2,"18":2,"19":0,"20":2,"21":1,"22":1,"23":1,"24":1,"25":1,"26":0,"27":0,"28":1,"29":1,"30":2,"31":0,"32":0,"33":0,"34":1,"35":2,"36":2,"37":3,"38":3,"39":3,"40":3,"41":0,"42":3,"43":3,"44":3,"45":1,"46":3,"47":1,"48":1,"49":1,"50":1,"51":1,"52":1,"53":1,"54":1,"55":1,"56":1,"57":0,"58":1,"59":6,"60":6,"61":1,"62":2,"63":0,"64":2,"65":1,"66":1,"67":0,"68":0,"69":0,"70":0,"71":0,"72":0,"73":0,"74":0,"75":0,"76":0,"77":0,"78":0,"79":0,"80":0,"81":0,"82":0,"83":0},"b":{"1":[2,1,1,1],"2":[1,1,1,1],"3":[1,1],"4":[2,2],"5":[1,1],"6":[1,1],"7":[2,0],"8":[2,1,1,1,1,1],"9":[0,2,0],"10":[1,1],"11":[2,1,1],"12":[1,0],"13":[0,2],"14":[2,0,0,0,0,0,0],"15":[0,3],"16":[3,0],"17":[1,1],"18":[0,1],"19":[1,2,0,2],"20":[1,0],"21":[1,1],"22":[0,0],"23":[0,0],"24":[0,0],"25":[0,0],"26":[0,0],"27":[0,0],"28":[0,0]},"f":{"1":2,"2":2,"3":2,"4":2,"5":2,"6":2,"7":3,"8":3,"9":3,"10":1,"11":6,"12":0},"fnMap":{"1":{"name":"(anonymous_1)","line":26,"loc":{"start":{"line":26,"column":1},"end":{"line":26,"column":13}}},"2":{"name":"(anonymous_2)","line":33,"loc":{"start":{"line":33,"column":5},"end":{"line":33,"column":17}}},"3":{"name":"(anonymous_3)","line":37,"loc":{"start":{"line":37,"column":24},"end":{"line":37,"column":36}}},"4":{"name":"(anonymous_4)","line":69,"loc":{"start":{"line":69,"column":31},"end":{"line":69,"column":48}},"skip":true},"5":{"name":"(anonymous_5)","line":78,"loc":{"start":{"line":78,"column":26},"end":{"line":78,"column":45}},"skip":true},"6":{"name":"(anonymous_6)","line":123,"loc":{"start":{"line":123,"column":33},"end":{"line":123,"column":48}},"skip":true},"7":{"name":"(anonymous_7)","line":125,"loc":{"start":{"line":125,"column":27},"end":{"line":125,"column":39}},"skip":true},"8":{"name":"(anonymous_8)","line":133,"loc":{"start":{"line":133,"column":59},"end":{"line":133,"column":74}},"skip":true},"9":{"name":"(anonymous_9)","line":143,"loc":{"start":{"line":143,"column":45},"end":{"line":143,"column":62}},"skip":true},"10":{"name":"(anonymous_10)","line":144,"loc":{"start":{"line":144,"column":73},"end":{"line":144,"column":92}},"skip":true},"11":{"name":"(anonymous_11)","line":272,"loc":{"start":{"line":272,"column":51},"end":{"line":272,"column":77}},"skip":true},"12":{"name":"(anonymous_12)","line":315,"loc":{"start":{"line":315,"column":32},"end":{"line":315,"column":61}},"skip":true}},"statementMap":{"1":{"start":{"line":26,"column":0},"end":{"line":326,"column":5}},"2":{"start":{"line":28,"column":4},"end":{"line":28,"column":14}},"3":{"start":{"line":33,"column":4},"end":{"line":60,"column":9}},"4":{"start":{"line":35,"column":8},"end":{"line":35,"column":19}},"5":{"start":{"line":37,"column":8},"end":{"line":49,"column":13}},"6":{"start":{"line":38,"column":12},"end":{"line":48,"column":13}},"7":{"start":{"line":39,"column":16},"end":{"line":42,"column":30}},"8":{"start":{"line":44,"column":16},"end":{"line":47,"column":27}},"9":{"start":{"line":51,"column":8},"end":{"line":53,"column":21}},"10":{"start":{"line":55,"column":8},"end":{"line":57,"column":45}},"11":{"start":{"line":59,"column":8},"end":{"line":59,"column":35}},"12":{"start":{"line":61,"column":4},"end":{"line":325,"column":5}},"13":{"start":{"line":69,"column":8},"end":{"line":121,"column":10},"skip":true},"14":{"start":{"line":70,"column":12},"end":{"line":88,"column":13},"skip":true},"15":{"start":{"line":76,"column":16},"end":{"line":87,"column":19},"skip":true},"16":{"start":{"line":79,"column":20},"end":{"line":86,"column":21},"skip":true},"17":{"start":{"line":82,"column":24},"end":{"line":82,"column":43},"skip":true},"18":{"start":{"line":83,"column":24},"end":{"line":83,"column":30},"skip":true},"19":{"start":{"line":85,"column":24},"end":{"line":85,"column":49},"skip":true},"20":{"start":{"line":89,"column":12},"end":{"line":107,"column":13},"skip":true},"21":{"start":{"line":92,"column":16},"end":{"line":102,"column":17},"skip":true},"22":{"start":{"line":93,"column":20},"end":{"line":93,"column":86},"skip":true},"23":{"start":{"line":94,"column":20},"end":{"line":95,"column":45},"skip":true},"24":{"start":{"line":96,"column":20},"end":{"line":96,"column":42},"skip":true},"25":{"start":{"line":97,"column":20},"end":{"line":97,"column":48},"skip":true},"26":{"start":{"line":100,"column":20},"end":{"line":100,"column":85},"skip":true},"27":{"start":{"line":101,"column":20},"end":{"line":101,"column":96},"skip":true},"28":{"start":{"line":103,"column":16},"end":{"line":103,"column":22},"skip":true},"29":{"start":{"line":106,"column":16},"end":{"line":106,"column":22},"skip":true},"30":{"start":{"line":108,"column":12},"end":{"line":120,"column":13},"skip":true},"31":{"start":{"line":114,"column":16},"end":{"line":119,"column":17},"skip":true},"32":{"start":{"line":116,"column":20},"end":{"line":116,"column":78},"skip":true},"33":{"start":{"line":118,"column":20},"end":{"line":118,"column":47},"skip":true},"34":{"start":{"line":123,"column":8},"end":{"line":141,"column":11},"skip":true},"35":{"start":{"line":124,"column":12},"end":{"line":124,"column":54},"skip":true},"36":{"start":{"line":125,"column":12},"end":{"line":140,"column":14},"skip":true},"37":{"start":{"line":126,"column":16},"end":{"line":126,"column":28},"skip":true},"38":{"start":{"line":127,"column":16},"end":{"line":127,"column":69},"skip":true},"39":{"start":{"line":128,"column":16},"end":{"line":128,"column":75},"skip":true},"40":{"start":{"line":129,"column":16},"end":{"line":131,"column":17},"skip":true},"41":{"start":{"line":130,"column":20},"end":{"line":130,"column":27},"skip":true},"42":{"start":{"line":133,"column":16},"end":{"line":137,"column":36},"skip":true},"43":{"start":{"line":134,"column":20},"end":{"line":136,"column":55},"skip":true},"44":{"start":{"line":139,"column":16},"end":{"line":139,"column":57},"skip":true},"45":{"start":{"line":143,"column":8},"end":{"line":147,"column":11},"skip":true},"46":{"start":{"line":144,"column":12},"end":{"line":146,"column":15},"skip":true},"47":{"start":{"line":145,"column":16},"end":{"line":145,"column":70},"skip":true},"48":{"start":{"line":149,"column":8},"end":{"line":149,"column":31},"skip":true},"49":{"start":{"line":150,"column":8},"end":{"line":150,"column":14},"skip":true},"50":{"start":{"line":158,"column":8},"end":{"line":158,"column":31},"skip":true},"51":{"start":{"line":160,"column":8},"end":{"line":160,"column":33},"skip":true},"52":{"start":{"line":161,"column":8},"end":{"line":161,"column":37},"skip":true},"53":{"start":{"line":162,"column":8},"end":{"line":162,"column":35},"skip":true},"54":{"start":{"line":164,"column":8},"end":{"line":164,"column":50},"skip":true},"55":{"start":{"line":166,"column":8},"end":{"line":256,"column":2},"skip":true},"56":{"start":{"line":258,"column":8},"end":{"line":286,"column":9},"skip":true},"57":{"start":{"line":259,"column":12},"end":{"line":269,"column":14},"skip":true},"58":{"start":{"line":271,"column":12},"end":{"line":285,"column":19},"skip":true},"59":{"start":{"line":274,"column":20},"end":{"line":274,"column":35},"skip":true},"60":{"start":{"line":275,"column":20},"end":{"line":284,"column":21},"skip":true},"61":{"start":{"line":277,"column":24},"end":{"line":277,"column":64},"skip":true},"62":{"start":{"line":279,"column":24},"end":{"line":279,"column":40},"skip":true},"63":{"start":{"line":281,"column":24},"end":{"line":281,"column":40},"skip":true},"64":{"start":{"line":283,"column":24},"end":{"line":283,"column":39},"skip":true},"65":{"start":{"line":288,"column":8},"end":{"line":290,"column":9},"skip":true},"66":{"start":{"line":289,"column":12},"end":{"line":289,"column":18},"skip":true},"67":{"start":{"line":291,"column":8},"end":{"line":293,"column":54},"skip":true},"68":{"start":{"line":296,"column":8},"end":{"line":301,"column":37},"skip":true},"69":{"start":{"line":303,"column":8},"end":{"line":303,"column":82},"skip":true},"70":{"start":{"line":306,"column":8},"end":{"line":308,"column":9},"skip":true},"71":{"start":{"line":307,"column":12},"end":{"line":307,"column":82},"skip":true},"72":{"start":{"line":310,"column":8},"end":{"line":312,"column":9},"skip":true},"73":{"start":{"line":311,"column":12},"end":{"line":311,"column":18},"skip":true},"74":{"start":{"line":313,"column":8},"end":{"line":313,"column":54},"skip":true},"75":{"start":{"line":314,"column":8},"end":{"line":314,"column":69},"skip":true},"76":{"start":{"line":315,"column":8},"end":{"line":323,"column":36},"skip":true},"77":{"start":{"line":316,"column":12},"end":{"line":316,"column":61},"skip":true},"78":{"start":{"line":317,"column":12},"end":{"line":320,"column":13},"skip":true},"79":{"start":{"line":318,"column":16},"end":{"line":318,"column":75},"skip":true},"80":{"start":{"line":319,"column":16},"end":{"line":319,"column":23},"skip":true},"81":{"start":{"line":321,"column":12},"end":{"line":321,"column":38},"skip":true},"82":{"start":{"line":322,"column":12},"end":{"line":322,"column":27},"skip":true},"83":{"start":{"line":324,"column":8},"end":{"line":324,"column":14},"skip":true}},"branchMap":{"1":{"line":39,"type":"binary-expr","locations":[{"start":{"line":39,"column":23},"end":{"line":39,"column":62}},{"start":{"line":40,"column":20},"end":{"line":40,"column":70}},{"start":{"line":41,"column":20},"end":{"line":41,"column":71}},{"start":{"line":42,"column":20},"end":{"line":42,"column":29}}]},"2":{"line":44,"type":"binary-expr","locations":[{"start":{"line":44,"column":23},"end":{"line":44,"column":37}},{"start":{"line":45,"column":20},"end":{"line":45,"column":61}},{"start":{"line":46,"column":20},"end":{"line":46,"column":70}},{"start":{"line":47,"column":20},"end":{"line":47,"column":26}}]},"3":{"line":51,"type":"cond-expr","locations":[{"start":{"line":52,"column":14},"end":{"line":52,"column":20}},{"start":{"line":53,"column":14},"end":{"line":53,"column":20}}]},"4":{"line":55,"type":"binary-expr","locations":[{"start":{"line":55,"column":16},"end":{"line":55,"column":44}},{"start":{"line":55,"column":49},"end":{"line":57,"column":43}}]},"5":{"line":55,"type":"cond-expr","locations":[{"start":{"line":56,"column":14},"end":{"line":56,"column":53}},{"start":{"line":57,"column":14},"end":{"line":57,"column":43}}]},"6":{"line":61,"type":"switch","locations":[{"start":{"line":68,"column":4},"end":{"line":150,"column":14},"skip":true},{"start":{"line":156,"column":4},"end":{"line":324,"column":14},"skip":true}]},"7":{"line":70,"type":"if","locations":[{"start":{"line":70,"column":12},"end":{"line":70,"column":12},"skip":true},{"start":{"line":70,"column":12},"end":{"line":70,"column":12},"skip":true}]},"8":{"line":70,"type":"binary-expr","locations":[{"start":{"line":70,"column":16},"end":{"line":70,"column":22},"skip":true},{"start":{"line":70,"column":27},"end":{"line":70,"column":32},"skip":true},{"start":{"line":71,"column":20},"end":{"line":71,"column":39},"skip":true},{"start":{"line":72,"column":20},"end":{"line":72,"column":49},"skip":true},{"start":{"line":73,"column":20},"end":{"line":73,"column":58},"skip":true},{"start":{"line":74,"column":20},"end":{"line":74,"column":69},"skip":true}]},"9":{"line":79,"type":"switch","locations":[{"start":{"line":80,"column":20},"end":{"line":80,"column":33},"skip":true},{"start":{"line":81,"column":20},"end":{"line":83,"column":30},"skip":true},{"start":{"line":84,"column":20},"end":{"line":85,"column":49},"skip":true}]},"10":{"line":89,"type":"switch","locations":[{"start":{"line":90,"column":12},"end":{"line":103,"column":22},"skip":true},{"start":{"line":105,"column":12},"end":{"line":106,"column":22},"skip":true}]},"11":{"line":89,"type":"binary-expr","locations":[{"start":{"line":89,"column":20},"end":{"line":89,"column":25},"skip":true},{"start":{"line":89,"column":29},"end":{"line":89,"column":48},"skip":true},{"start":{"line":89,"column":52},"end":{"line":89,"column":74},"skip":true}]},"12":{"line":92,"type":"if","locations":[{"start":{"line":92,"column":16},"end":{"line":92,"column":16},"skip":true},{"start":{"line":92,"column":16},"end":{"line":92,"column":16},"skip":true}]},"13":{"line":108,"type":"if","locations":[{"start":{"line":108,"column":12},"end":{"line":108,"column":12},"skip":true},{"start":{"line":108,"column":12},"end":{"line":108,"column":12},"skip":true}]},"14":{"line":108,"type":"binary-expr","locations":[{"start":{"line":108,"column":16},"end":{"line":108,"column":61},"skip":true},{"start":{"line":108,"column":66},"end":{"line":108,"column":72},"skip":true},{"start":{"line":108,"column":77},"end":{"line":108,"column":82},"skip":true},{"start":{"line":109,"column":20},"end":{"line":109,"column":39},"skip":true},{"start":{"line":110,"column":20},"end":{"line":110,"column":49},"skip":true},{"start":{"line":111,"column":20},"end":{"line":111,"column":58},"skip":true},{"start":{"line":112,"column":20},"end":{"line":112,"column":68},"skip":true}]},"15":{"line":129,"type":"if","locations":[{"start":{"line":129,"column":16},"end":{"line":129,"column":16},"skip":true},{"start":{"line":129,"column":16},"end":{"line":129,"column":16},"skip":true}]},"16":{"line":134,"type":"cond-expr","locations":[{"start":{"line":135,"column":26},"end":{"line":135,"column":29},"skip":true},{"start":{"line":136,"column":26},"end":{"line":136,"column":54},"skip":true}]},"17":{"line":164,"type":"binary-expr","locations":[{"start":{"line":164,"column":27},"end":{"line":164,"column":43},"skip":true},{"start":{"line":164,"column":47},"end":{"line":164,"column":49},"skip":true}]},"18":{"line":258,"type":"if","locations":[{"start":{"line":258,"column":8},"end":{"line":258,"column":8},"skip":true},{"start":{"line":258,"column":8},"end":{"line":258,"column":8},"skip":true}]},"19":{"line":275,"type":"switch","locations":[{"start":{"line":276,"column":20},"end":{"line":277,"column":64},"skip":true},{"start":{"line":278,"column":20},"end":{"line":279,"column":40},"skip":true},{"start":{"line":280,"column":20},"end":{"line":281,"column":40},"skip":true},{"start":{"line":282,"column":20},"end":{"line":283,"column":39},"skip":true}]},"20":{"line":288,"type":"if","locations":[{"start":{"line":288,"column":8},"end":{"line":288,"column":8},"skip":true},{"start":{"line":288,"column":8},"end":{"line":288,"column":8},"skip":true}]},"21":{"line":288,"type":"binary-expr","locations":[{"start":{"line":288,"column":12},"end":{"line":288,"column":40},"skip":true},{"start":{"line":288,"column":44},"end":{"line":288,"column":67},"skip":true}]},"22":{"line":292,"type":"binary-expr","locations":[{"start":{"line":292,"column":12},"end":{"line":292,"column":50},"skip":true},{"start":{"line":293,"column":12},"end":{"line":293,"column":53},"skip":true}]},"23":{"line":297,"type":"binary-expr","locations":[{"start":{"line":297,"column":12},"end":{"line":297,"column":67},"skip":true},{"start":{"line":298,"column":12},"end":{"line":301,"column":36},"skip":true}]},"24":{"line":303,"type":"binary-expr","locations":[{"start":{"line":303,"column":43},"end":{"line":303,"column":75},"skip":true},{"start":{"line":303,"column":79},"end":{"line":303,"column":81},"skip":true}]},"25":{"line":306,"type":"if","locations":[{"start":{"line":306,"column":8},"end":{"line":306,"column":8},"skip":true},{"start":{"line":306,"column":8},"end":{"line":306,"column":8},"skip":true}]},"26":{"line":310,"type":"if","locations":[{"start":{"line":310,"column":8},"end":{"line":310,"column":8},"skip":true},{"start":{"line":310,"column":8},"end":{"line":310,"column":8},"skip":true}]},"27":{"line":313,"type":"binary-expr","locations":[{"start":{"line":313,"column":27},"end":{"line":313,"column":43},"skip":true},{"start":{"line":313,"column":47},"end":{"line":313,"column":53},"skip":true}]},"28":{"line":317,"type":"if","locations":[{"start":{"line":317,"column":12},"end":{"line":317,"column":12},"skip":true},{"start":{"line":317,"column":12},"end":{"line":317,"column":12},"skip":true}]}},"code":["/*","example.js","","quickstart example","","instruction","    1. save this script as example.js","    2. run the shell command:","        $ npm install npmtest-dompurify && PORT=8081 node example.js","    3. play with the browser-demo on http://127.0.0.1:8081","*/","","","","/* istanbul instrument in package npmtest_dompurify */","/*jslint","    bitwise: true,","    browser: true,","    maxerr: 8,","    maxlen: 96,","    node: true,","    nomen: true,","    regexp: true,","    stupid: true","*/","(function () {","    'use strict';","    var local;","","","","    // run shared js-env code - pre-init","    (function () {","        // init local","        local = {};","        // init modeJs","        local.modeJs = (function () {","            try {","                return typeof navigator.userAgent === 'string' &&","                    typeof document.querySelector('body') === 'object' &&","                    typeof XMLHttpRequest.prototype.open === 'function' &&","                    'browser';","            } catch (errorCaughtBrowser) {","                return module.exports &&","                    typeof process.versions.node === 'string' &&","                    typeof require('http').createServer === 'function' &&","                    'node';","            }","        }());","        // init global","        local.global = local.modeJs === 'browser'","            ? window","            : global;","        // init utility2_rollup","        local = local.global.utility2_rollup || (local.modeJs === 'browser'","            ? local.global.utility2_npmtest_dompurify","            : global.utility2_moduleExports);","        // export local","        local.global.local = local;","    }());","    switch (local.modeJs) {","","","","    // post-init","    // run browser js-env code - post-init","    /* istanbul ignore next */","    case 'browser':","        local.testRunBrowser = function (event) {","            if (!event || (event &&","                    event.currentTarget &&","                    event.currentTarget.className &&","                    event.currentTarget.className.includes &&","                    event.currentTarget.className.includes('onreset'))) {","                // reset output","                Array.from(","                    document.querySelectorAll('body > .resettable')","                ).forEach(function (element) {","                    switch (element.tagName) {","                    case 'INPUT':","                    case 'TEXTAREA':","                        element.value = '';","                        break;","                    default:","                        element.textContent = '';","                    }","                });","            }","            switch (event && event.currentTarget && event.currentTarget.id) {","            case 'testRunButton1':","                // show tests","                if (document.querySelector('#testReportDiv1').style.display === 'none') {","                    document.querySelector('#testReportDiv1').style.display = 'block';","                    document.querySelector('#testRunButton1').textContent =","                        'hide internal test';","                    local.modeTest = true;","                    local.testRunDefault(local);","                // hide tests","                } else {","                    document.querySelector('#testReportDiv1').style.display = 'none';","                    document.querySelector('#testRunButton1').textContent = 'run internal test';","                }","                break;","            // custom-case","            default:","                break;","            }","            if (document.querySelector('#inputTextareaEval1') && (!event || (event &&","                    event.currentTarget &&","                    event.currentTarget.className &&","                    event.currentTarget.className.includes &&","                    event.currentTarget.className.includes('oneval')))) {","                // try to eval input-code","                try {","                    /*jslint evil: true*/","                    eval(document.querySelector('#inputTextareaEval1').value);","                } catch (errorCaught) {","                    console.error(errorCaught);","                }","            }","        };","        // log stderr and stdout to #outputTextareaStdout1","        ['error', 'log'].forEach(function (key) {","            console[key + '_original'] = console[key];","            console[key] = function () {","                var element;","                console[key + '_original'].apply(console, arguments);","                element = document.querySelector('#outputTextareaStdout1');","                if (!element) {","                    return;","                }","                // append text to #outputTextareaStdout1","                element.value += Array.from(arguments).map(function (arg) {","                    return typeof arg === 'string'","                        ? arg","                        : JSON.stringify(arg, null, 4);","                }).join(' ') + '\\n';","                // scroll textarea to bottom","                element.scrollTop = element.scrollHeight;","            };","        });","        // init event-handling","        ['change', 'click', 'keyup'].forEach(function (event) {","            Array.from(document.querySelectorAll('.on' + event)).forEach(function (element) {","                element.addEventListener(event, local.testRunBrowser);","            });","        });","        // run tests","        local.testRunBrowser();","        break;","","","","    // run node js-env code - post-init","    /* istanbul ignore next */","    case 'node':","        // export local","        module.exports = local;","        // require modules","        local.fs = require('fs');","        local.http = require('http');","        local.url = require('url');","        // init assets","        local.assetsDict = local.assetsDict || {};","        /* jslint-ignore-begin */","        local.assetsDict['/assets.index.template.html'] = '\\","<!doctype html>\\n\\","<html lang=\"en\">\\n\\","<head>\\n\\","<meta charset=\"UTF-8\">\\n\\","<meta name=\"viewport\" content=\"width=device-width, initial-scale=1\">\\n\\","<title>{{env.npm_package_name}} (v{{env.npm_package_version}})</title>\\n\\","<style>\\n\\","/*csslint\\n\\","    box-sizing: false,\\n\\","    universal-selector: false\\n\\","*/\\n\\","* {\\n\\","    box-sizing: border-box;\\n\\","}\\n\\","body {\\n\\","    background: #dde;\\n\\","    font-family: Arial, Helvetica, sans-serif;\\n\\","    margin: 2rem;\\n\\","}\\n\\","body > * {\\n\\","    margin-bottom: 1rem;\\n\\","}\\n\\",".utility2FooterDiv {\\n\\","    margin-top: 20px;\\n\\","    text-align: center;\\n\\","}\\n\\","</style>\\n\\","<style>\\n\\","/*csslint\\n\\","*/\\n\\","textarea {\\n\\","    font-family: monospace;\\n\\","    height: 10rem;\\n\\","    width: 100%;\\n\\","}\\n\\","textarea[readonly] {\\n\\","    background: #ddd;\\n\\","}\\n\\","</style>\\n\\","</head>\\n\\","<body>\\n\\","<!-- utility2-comment\\n\\","<div id=\"ajaxProgressDiv1\" style=\"background: #d00; height: 2px; left: 0; margin: 0; padding: 0; position: fixed; top: 0; transition: background 0.5s, width 1.5s; width: 25%;\"></div>\\n\\","utility2-comment -->\\n\\","<h1>\\n\\","<!-- utility2-comment\\n\\","    <a\\n\\","        {{#if env.npm_package_homepage}}\\n\\","        href=\"{{env.npm_package_homepage}}\"\\n\\","        {{/if env.npm_package_homepage}}\\n\\","        target=\"_blank\"\\n\\","    >\\n\\","utility2-comment -->\\n\\","        {{env.npm_package_name}} (v{{env.npm_package_version}})\\n\\","<!-- utility2-comment\\n\\","    </a>\\n\\","utility2-comment -->\\n\\","</h1>\\n\\","<h3>{{env.npm_package_description}}</h3>\\n\\","<!-- utility2-comment\\n\\","<h4><a download href=\"assets.app.js\">download standalone app</a></h4>\\n\\","<button class=\"onclick onreset\" id=\"testRunButton1\">run internal test</button><br>\\n\\","<div id=\"testReportDiv1\" style=\"display: none;\"></div>\\n\\","utility2-comment -->\\n\\","\\n\\","\\n\\","\\n\\","<label>stderr and stdout</label>\\n\\","<textarea class=\"resettable\" id=\"outputTextareaStdout1\" readonly></textarea>\\n\\","<!-- utility2-comment\\n\\","{{#if isRollup}}\\n\\","<script src=\"assets.app.js\"></script>\\n\\","{{#unless isRollup}}\\n\\","utility2-comment -->\\n\\","<script src=\"assets.utility2.rollup.js\"></script>\\n\\","<script src=\"jsonp.utility2._stateInit?callback=window.utility2._stateInit\"></script>\\n\\","<script src=\"assets.npmtest_dompurify.rollup.js\"></script>\\n\\","<script src=\"assets.example.js\"></script>\\n\\","<script src=\"assets.test.js\"></script>\\n\\","<!-- utility2-comment\\n\\","{{/if isRollup}}\\n\\","utility2-comment -->\\n\\","<div class=\"utility2FooterDiv\">\\n\\","    [ this app was created with\\n\\","    <a href=\"https://github.com/kaizhu256/node-utility2\" target=\"_blank\">utility2</a>\\n\\","    ]\\n\\","</div>\\n\\","</body>\\n\\","</html>\\n\\","';","        /* jslint-ignore-end */","        if (local.templateRender) {","            local.assetsDict['/'] = local.templateRender(","                local.assetsDict['/assets.index.template.html'],","                {","                    env: local.objectSetDefault(local.env, {","                        npm_package_description: 'the greatest app in the world!',","                        npm_package_name: 'my-app',","                        npm_package_nameAlias: 'my_app',","                        npm_package_version: '0.0.1'","                    })","                }","            );","        } else {","            local.assetsDict['/'] = local.assetsDict['/assets.index.template.html']","                .replace((/\\{\\{env\\.(\\w+?)\\}\\}/g), function (match0, match1) {","                    // jslint-hack","                    String(match0);","                    switch (match1) {","                    case 'npm_package_description':","                        return 'the greatest app in the world!';","                    case 'npm_package_name':","                        return 'my-app';","                    case 'npm_package_nameAlias':","                        return 'my_app';","                    case 'npm_package_version':","                        return '0.0.1';","                    }","                });","        }","        // run the cli","        if (local.global.utility2_rollup || module !== require.main) {","            break;","        }","        local.assetsDict['/assets.example.js'] =","            local.assetsDict['/assets.example.js'] ||","            local.fs.readFileSync(__filename, 'utf8');","        // bug-workaround - long $npm_package_buildCustomOrg","        /* jslint-ignore-begin */","        local.assetsDict['/assets.npmtest_dompurify.rollup.js'] =","            local.assetsDict['/assets.npmtest_dompurify.rollup.js'] ||","            local.fs.readFileSync(","                local.npmtest_dompurify.__dirname + '/lib.npmtest_dompurify.js',","                'utf8'","            ).replace((/^#!/), '//');","        /* jslint-ignore-end */","        local.assetsDict['/favicon.ico'] = local.assetsDict['/favicon.ico'] || '';","        // if $npm_config_timeout_exit exists,","        // then exit this process after $npm_config_timeout_exit ms","        if (Number(process.env.npm_config_timeout_exit)) {","            setTimeout(process.exit, Number(process.env.npm_config_timeout_exit));","        }","        // start server","        if (local.global.utility2_serverHttp1) {","            break;","        }","        process.env.PORT = process.env.PORT || '8081';","        console.error('server starting on port ' + process.env.PORT);","        local.http.createServer(function (request, response) {","            request.urlParsed = local.url.parse(request.url);","            if (local.assetsDict[request.urlParsed.pathname] !== undefined) {","                response.end(local.assetsDict[request.urlParsed.pathname]);","                return;","            }","            response.statusCode = 404;","            response.end();","        }).listen(process.env.PORT);","        break;","    }","}());",""],"l":{"26":2,"28":2,"33":2,"35":2,"37":2,"38":2,"39":2,"44":1,"51":2,"55":2,"59":2,"61":2,"69":1,"70":2,"76":2,"79":2,"82":2,"83":2,"85":1,"89":2,"92":1,"93":1,"94":1,"96":1,"97":1,"100":1,"101":1,"103":1,"106":1,"108":2,"114":1,"116":1,"118":1,"123":1,"124":2,"125":2,"126":3,"127":3,"128":3,"129":3,"130":1,"133":3,"134":3,"139":3,"143":1,"144":3,"145":1,"149":1,"150":1,"158":1,"160":1,"161":1,"162":1,"164":1,"166":1,"258":1,"259":1,"271":1,"274":6,"275":6,"277":1,"279":2,"281":1,"283":2,"288":1,"289":1,"291":1,"296":1,"303":1,"306":1,"307":1,"310":1,"311":1,"313":1,"314":1,"315":1,"316":1,"317":1,"318":1,"319":1,"321":1,"322":1,"324":1}},"/home/travis/build/npmtest/node-npmtest-dompurify/node_modules/dompurify/src/purify.js":{"path":"/home/travis/build/npmtest/node-npmtest-dompurify/node_modules/dompurify/src/purify.js","s":{"1":1,"2":1,"3":1,"4":0,"5":0,"6":1,"7":1,"8":0,"9":1,"10":0,"11":1,"12":1,"13":1,"14":1,"15":1,"16":0,"17":0,"18":0,"19":0,"20":0,"21":0,"22":0,"23":0,"24":0,"25":0,"26":0,"27":0,"28":0,"29":0,"30":0,"31":0,"32":0,"33":0,"34":0,"35":0,"36":0,"37":0,"38":0,"39":0,"40":0,"41":0,"42":0,"43":0,"44":0,"45":0,"46":0,"47":0,"48":0,"49":0,"50":0,"51":0,"52":0,"53":0,"54":0,"55":0,"56":0,"57":0,"58":0,"59":0,"60":0,"61":0,"62":0,"63":0,"64":0,"65":0,"66":0,"67":0,"68":0,"69":0,"70":0,"71":0,"72":0,"73":0,"74":0,"75":0,"76":0,"77":0,"78":0,"79":0,"80":0,"81":0,"82":0,"83":0,"84":0,"85":0,"86":0,"87":0,"88":0,"89":0,"90":0,"91":0,"92":0,"93":0,"94":0,"95":0,"96":0,"97":0,"98":0,"99":0,"100":0,"101":0,"102":0,"103":0,"104":0,"105":0,"106":0,"107":0,"108":0,"109":0,"110":0,"111":0,"112":0,"113":0,"114":0,"115":0,"116":0,"117":0,"118":0,"119":0,"120":0,"121":0,"122":0,"123":0,"124":0,"125":0,"126":0,"127":0,"128":0,"129":0,"130":0,"131":0,"132":0,"133":0,"134":0,"135":0,"136":0,"137":0,"138":0,"139":0,"140":0,"141":0,"142":0,"143":0,"144":0,"145":0,"146":0,"147":0,"148":0,"149":0,"150":0,"151":0,"152":0,"153":0,"154":0,"155":0,"156":0,"157":0,"158":0,"159":0,"160":0,"161":0,"162":0,"163":0,"164":0,"165":0,"166":0,"167":0,"168":0,"169":0,"170":0,"171":0,"172":0,"173":0,"174":0,"175":0,"176":0,"177":0,"178":0,"179":0,"180":0,"181":0,"182":0,"183":0,"184":0,"185":0,"186":0,"187":0,"188":0,"189":0,"190":0,"191":0,"192":0,"193":0,"194":0,"195":0,"196":0,"197":0,"198":0,"199":0,"200":0,"201":0,"202":0,"203":0,"204":0,"205":0,"206":0,"207":0,"208":0,"209":0,"210":0,"211":0,"212":0,"213":0,"214":0,"215":0,"216":0,"217":0,"218":0,"219":0,"220":0,"221":0,"222":0,"223":0,"224":0,"225":0,"226":0,"227":0,"228":0,"229":0,"230":0,"231":0,"232":0,"233":0,"234":0,"235":0,"236":0,"237":0,"238":0,"239":0,"240":0,"241":0,"242":0,"243":0,"244":0,"245":0,"246":0,"247":0,"248":0,"249":0,"250":0,"251":0,"252":0,"253":0,"254":0,"255":0,"256":0,"257":0,"258":0,"259":0,"260":0,"261":0,"262":0,"263":0,"264":0,"265":0,"266":0,"267":0,"268":0,"269":0,"270":0,"271":0,"272":0,"273":0,"274":0,"275":0,"276":0,"277":0,"278":0,"279":0,"280":0,"281":0,"282":0,"283":0,"284":0,"285":0,"286":0,"287":0,"288":0,"289":0,"290":0,"291":0,"292":0,"293":0,"294":0,"295":0,"296":0,"297":0},"b":{"1":[1,0],"2":[0,1],"3":[1,0],"4":[1,0],"5":[1,0],"6":[1,0,0],"7":[0,0],"8":[0,0],"9":[0,0],"10":[0,0],"11":[0,0],"12":[0,0],"13":[0,0],"14":[0,0],"15":[0,0],"16":[0,0],"17":[0,0],"18":[0,0],"19":[0,0],"20":[0,0],"21":[0,0],"22":[0,0],"23":[0,0],"24":[0,0],"25":[0,0],"26":[0,0],"27":[0,0],"28":[0,0],"29":[0,0],"30":[0,0],"31":[0,0],"32":[0,0],"33":[0,0],"34":[0,0],"35":[0,0],"36":[0,0],"37":[0,0],"38":[0,0],"39":[0,0],"40":[0,0],"41":[0,0],"42":[0,0],"43":[0,0],"44":[0,0],"45":[0,0,0,0,0,0],"46":[0,0],"47":[0,0,0,0],"48":[0,0],"49":[0,0],"50":[0,0],"51":[0,0],"52":[0,0,0],"53":[0,0],"54":[0,0,0,0,0],"55":[0,0],"56":[0,0],"57":[0,0],"58":[0,0],"59":[0,0],"60":[0,0,0],"61":[0,0],"62":[0,0],"63":[0,0],"64":[0,0],"65":[0,0,0,0,0,0],"66":[0,0],"67":[0,0],"68":[0,0],"69":[0,0],"70":[0,0],"71":[0,0],"72":[0,0],"73":[0,0],"74":[0,0,0],"75":[0,0],"76":[0,0],"77":[0,0],"78":[0,0],"79":[0,0],"80":[0,0],"81":[0,0],"82":[0,0],"83":[0,0],"84":[0,0],"85":[0,0],"86":[0,0],"87":[0,0],"88":[0,0],"89":[0,0],"90":[0,0],"91":[0,0],"92":[0,0],"93":[0,0],"94":[0,0,0],"95":[0,0],"96":[0,0],"97":[0,0],"98":[0,0],"99":[0,0],"100":[0,0],"101":[0,0],"102":[0,0],"103":[0,0],"104":[0,0],"105":[0,0],"106":[0,0],"107":[0,0],"108":[0,0]},"f":{"1":1,"2":0,"3":1,"4":0,"5":0,"6":0,"7":0,"8":0,"9":0,"10":0,"11":0,"12":0,"13":0,"14":0,"15":0,"16":0,"17":0,"18":0,"19":0,"20":0,"21":0,"22":0,"23":0,"24":0},"fnMap":{"1":{"name":"(anonymous_1)","line":1,"loc":{"start":{"line":1,"column":2},"end":{"line":1,"column":20}}},"2":{"name":"(anonymous_2)","line":7,"loc":{"start":{"line":7,"column":15},"end":{"line":7,"column":25}}},"3":{"name":"factory","line":13,"loc":{"start":{"line":13,"column":2},"end":{"line":13,"column":27}}},"4":{"name":"(anonymous_4)","line":16,"loc":{"start":{"line":16,"column":20},"end":{"line":16,"column":37}}},"5":{"name":"(anonymous_5)","line":78,"loc":{"start":{"line":78,"column":20},"end":{"line":78,"column":41}}},"6":{"name":"(anonymous_6)","line":90,"loc":{"start":{"line":90,"column":20},"end":{"line":90,"column":37}}},"7":{"name":"(anonymous_7)","line":286,"loc":{"start":{"line":286,"column":23},"end":{"line":286,"column":37}}},"8":{"name":"(anonymous_8)","line":352,"loc":{"start":{"line":352,"column":23},"end":{"line":352,"column":38}}},"9":{"name":"(anonymous_9)","line":367,"loc":{"start":{"line":367,"column":27},"end":{"line":367,"column":48}}},"10":{"name":"(anonymous_10)","line":381,"loc":{"start":{"line":381,"column":24},"end":{"line":381,"column":40}}},"11":{"name":"(anonymous_11)","line":413,"loc":{"start":{"line":413,"column":26},"end":{"line":413,"column":41}}},"12":{"name":"(anonymous_12)","line":419,"loc":{"start":{"line":419,"column":12},"end":{"line":419,"column":23}}},"13":{"name":"(anonymous_13)","line":430,"loc":{"start":{"line":430,"column":23},"end":{"line":430,"column":37}}},"14":{"name":"(anonymous_14)","line":452,"loc":{"start":{"line":452,"column":18},"end":{"line":452,"column":32}}},"15":{"name":"(anonymous_15)","line":470,"loc":{"start":{"line":470,"column":28},"end":{"line":470,"column":50}}},"16":{"name":"(anonymous_16)","line":546,"loc":{"start":{"line":546,"column":30},"end":{"line":546,"column":52}}},"17":{"name":"(anonymous_17)","line":680,"loc":{"start":{"line":680,"column":29},"end":{"line":680,"column":48}}},"18":{"name":"(anonymous_18)","line":716,"loc":{"start":{"line":716,"column":23},"end":{"line":716,"column":63}}},"19":{"name":"(anonymous_19)","line":719,"loc":{"start":{"line":719,"column":34},"end":{"line":719,"column":49}}},"20":{"name":"(anonymous_20)","line":731,"loc":{"start":{"line":731,"column":25},"end":{"line":731,"column":46}}},"21":{"name":"(anonymous_21)","line":856,"loc":{"start":{"line":856,"column":24},"end":{"line":856,"column":59}}},"22":{"name":"(anonymous_22)","line":870,"loc":{"start":{"line":870,"column":27},"end":{"line":870,"column":48}}},"23":{"name":"(anonymous_23)","line":883,"loc":{"start":{"line":883,"column":28},"end":{"line":883,"column":49}}},"24":{"name":"(anonymous_24)","line":895,"loc":{"start":{"line":895,"column":31},"end":{"line":895,"column":42}}}},"statementMap":{"1":{"start":{"line":1,"column":1},"end":{"line":900,"column":4}},"2":{"start":{"line":4,"column":4},"end":{"line":4,"column":61}},"3":{"start":{"line":6,"column":4},"end":{"line":12,"column":5}},"4":{"start":{"line":7,"column":8},"end":{"line":7,"column":52}},"5":{"start":{"line":7,"column":27},"end":{"line":7,"column":48}},"6":{"start":{"line":8,"column":11},"end":{"line":12,"column":5}},"7":{"start":{"line":9,"column":8},"end":{"line":9,"column":39}},"8":{"start":{"line":11,"column":8},"end":{"line":11,"column":39}},"9":{"start":{"line":16,"column":4},"end":{"line":18,"column":6}},"10":{"start":{"line":17,"column":8},"end":{"line":17,"column":31}},"11":{"start":{"line":24,"column":4},"end":{"line":24,"column":32}},"12":{"start":{"line":30,"column":4},"end":{"line":30,"column":27}},"13":{"start":{"line":32,"column":4},"end":{"line":37,"column":5}},"14":{"start":{"line":35,"column":8},"end":{"line":35,"column":38}},"15":{"start":{"line":36,"column":8},"end":{"line":36,"column":25}},"16":{"start":{"line":39,"column":4},"end":{"line":39,"column":35}},"17":{"start":{"line":40,"column":4},"end":{"line":40,"column":36}},"18":{"start":{"line":41,"column":4},"end":{"line":41,"column":51}},"19":{"start":{"line":42,"column":4},"end":{"line":42,"column":57}},"20":{"start":{"line":43,"column":4},"end":{"line":43,"column":27}},"21":{"start":{"line":44,"column":4},"end":{"line":44,"column":39}},"22":{"start":{"line":45,"column":4},"end":{"line":45,"column":69}},"23":{"start":{"line":46,"column":4},"end":{"line":46,"column":27}},"24":{"start":{"line":47,"column":4},"end":{"line":47,"column":33}},"25":{"start":{"line":48,"column":4},"end":{"line":48,"column":37}},"26":{"start":{"line":56,"column":4},"end":{"line":61,"column":5}},"27":{"start":{"line":57,"column":8},"end":{"line":57,"column":58}},"28":{"start":{"line":58,"column":8},"end":{"line":60,"column":9}},"29":{"start":{"line":59,"column":12},"end":{"line":59,"column":54}},"30":{"start":{"line":62,"column":4},"end":{"line":62,"column":49}},"31":{"start":{"line":63,"column":4},"end":{"line":63,"column":57}},"32":{"start":{"line":64,"column":4},"end":{"line":64,"column":61}},"33":{"start":{"line":65,"column":4},"end":{"line":65,"column":65}},"34":{"start":{"line":66,"column":4},"end":{"line":66,"column":49}},"35":{"start":{"line":68,"column":4},"end":{"line":68,"column":19}},"36":{"start":{"line":73,"column":4},"end":{"line":75,"column":36}},"37":{"start":{"line":78,"column":4},"end":{"line":87,"column":6}},"38":{"start":{"line":79,"column":8},"end":{"line":79,"column":29}},"39":{"start":{"line":80,"column":8},"end":{"line":85,"column":9}},"40":{"start":{"line":81,"column":12},"end":{"line":83,"column":13}},"41":{"start":{"line":82,"column":16},"end":{"line":82,"column":50}},"42":{"start":{"line":84,"column":12},"end":{"line":84,"column":33}},"43":{"start":{"line":86,"column":8},"end":{"line":86,"column":19}},"44":{"start":{"line":90,"column":4},"end":{"line":99,"column":6}},"45":{"start":{"line":91,"column":8},"end":{"line":91,"column":27}},"46":{"start":{"line":92,"column":8},"end":{"line":92,"column":21}},"47":{"start":{"line":93,"column":8},"end":{"line":97,"column":9}},"48":{"start":{"line":94,"column":12},"end":{"line":96,"column":13}},"49":{"start":{"line":95,"column":16},"end":{"line":95,"column":55}},"50":{"start":{"line":98,"column":8},"end":{"line":98,"column":25}},"51":{"start":{"line":107,"column":4},"end":{"line":107,"column":28}},"52":{"start":{"line":108,"column":4},"end":{"line":148,"column":7}},"53":{"start":{"line":151,"column":4},"end":{"line":151,"column":28}},"54":{"start":{"line":152,"column":4},"end":{"line":208,"column":7}},"55":{"start":{"line":211,"column":4},"end":{"line":211,"column":27}},"56":{"start":{"line":214,"column":4},"end":{"line":214,"column":27}},"57":{"start":{"line":217,"column":4},"end":{"line":217,"column":31}},"58":{"start":{"line":220,"column":4},"end":{"line":220,"column":40}},"59":{"start":{"line":223,"column":4},"end":{"line":223,"column":32}},"60":{"start":{"line":228,"column":4},"end":{"line":228,"column":35}},"61":{"start":{"line":231,"column":4},"end":{"line":231,"column":52}},"62":{"start":{"line":232,"column":4},"end":{"line":232,"column":43}},"63":{"start":{"line":235,"column":4},"end":{"line":235,"column":31}},"64":{"start":{"line":240,"column":4},"end":{"line":240,"column":27}},"65":{"start":{"line":243,"column":4},"end":{"line":243,"column":36}},"66":{"start":{"line":249,"column":4},"end":{"line":249,"column":34}},"67":{"start":{"line":252,"column":4},"end":{"line":252,"column":28}},"68":{"start":{"line":255,"column":4},"end":{"line":255,"column":28}},"69":{"start":{"line":258,"column":4},"end":{"line":260,"column":7}},"70":{"start":{"line":263,"column":4},"end":{"line":265,"column":7}},"71":{"start":{"line":268,"column":4},"end":{"line":271,"column":7}},"72":{"start":{"line":274,"column":4},"end":{"line":274,"column":22}},"73":{"start":{"line":279,"column":4},"end":{"line":279,"column":53}},"74":{"start":{"line":286,"column":4},"end":{"line":345,"column":6}},"75":{"start":{"line":288,"column":8},"end":{"line":290,"column":9}},"76":{"start":{"line":289,"column":12},"end":{"line":289,"column":21}},"77":{"start":{"line":293,"column":8},"end":{"line":294,"column":67}},"78":{"start":{"line":295,"column":8},"end":{"line":296,"column":67}},"79":{"start":{"line":297,"column":8},"end":{"line":298,"column":48}},"80":{"start":{"line":299,"column":8},"end":{"line":300,"column":48}},"81":{"start":{"line":301,"column":8},"end":{"line":301,"column":64}},"82":{"start":{"line":302,"column":8},"end":{"line":302,"column":71}},"83":{"start":{"line":303,"column":8},"end":{"line":303,"column":64}},"84":{"start":{"line":304,"column":8},"end":{"line":304,"column":64}},"85":{"start":{"line":305,"column":8},"end":{"line":305,"column":64}},"86":{"start":{"line":306,"column":8},"end":{"line":306,"column":64}},"87":{"start":{"line":307,"column":8},"end":{"line":307,"column":64}},"88":{"start":{"line":308,"column":8},"end":{"line":308,"column":64}},"89":{"start":{"line":309,"column":8},"end":{"line":309,"column":64}},"90":{"start":{"line":310,"column":8},"end":{"line":310,"column":64}},"91":{"start":{"line":312,"column":8},"end":{"line":314,"column":9}},"92":{"start":{"line":313,"column":12},"end":{"line":313,"column":36}},"93":{"start":{"line":316,"column":8},"end":{"line":318,"column":9}},"94":{"start":{"line":317,"column":12},"end":{"line":317,"column":30}},"95":{"start":{"line":321,"column":8},"end":{"line":326,"column":9}},"96":{"start":{"line":322,"column":12},"end":{"line":324,"column":13}},"97":{"start":{"line":323,"column":16},"end":{"line":323,"column":55}},"98":{"start":{"line":325,"column":12},"end":{"line":325,"column":50}},"99":{"start":{"line":327,"column":8},"end":{"line":332,"column":9}},"100":{"start":{"line":328,"column":12},"end":{"line":330,"column":13}},"101":{"start":{"line":329,"column":16},"end":{"line":329,"column":55}},"102":{"start":{"line":331,"column":12},"end":{"line":331,"column":50}},"103":{"start":{"line":333,"column":8},"end":{"line":335,"column":9}},"104":{"start":{"line":334,"column":12},"end":{"line":334,"column":66}},"105":{"start":{"line":338,"column":8},"end":{"line":338,"column":59}},"106":{"start":{"line":338,"column":28},"end":{"line":338,"column":57}},"107":{"start":{"line":342,"column":8},"end":{"line":342,"column":65}},"108":{"start":{"line":342,"column":44},"end":{"line":342,"column":63}},"109":{"start":{"line":344,"column":8},"end":{"line":344,"column":21}},"110":{"start":{"line":352,"column":4},"end":{"line":359,"column":6}},"111":{"start":{"line":353,"column":8},"end":{"line":353,"column":48}},"112":{"start":{"line":354,"column":8},"end":{"line":358,"column":9}},"113":{"start":{"line":355,"column":12},"end":{"line":355,"column":46}},"114":{"start":{"line":357,"column":12},"end":{"line":357,"column":32}},"115":{"start":{"line":367,"column":4},"end":{"line":373,"column":6}},"116":{"start":{"line":368,"column":8},"end":{"line":371,"column":11}},"117":{"start":{"line":372,"column":8},"end":{"line":372,"column":35}},"118":{"start":{"line":381,"column":4},"end":{"line":405,"column":6}},"119":{"start":{"line":383,"column":8},"end":{"line":383,"column":22}},"120":{"start":{"line":384,"column":8},"end":{"line":386,"column":22}},"121":{"start":{"line":385,"column":12},"end":{"line":385,"column":70}},"122":{"start":{"line":391,"column":8},"end":{"line":396,"column":9}},"123":{"start":{"line":392,"column":12},"end":{"line":392,"column":56}},"124":{"start":{"line":393,"column":12},"end":{"line":393,"column":28}},"125":{"start":{"line":394,"column":12},"end":{"line":394,"column":75}},"126":{"start":{"line":395,"column":12},"end":{"line":395,"column":35}},"127":{"start":{"line":399,"column":8},"end":{"line":402,"column":9}},"128":{"start":{"line":400,"column":12},"end":{"line":401,"column":53}},"129":{"start":{"line":403,"column":8},"end":{"line":404,"column":49}},"130":{"start":{"line":413,"column":4},"end":{"line":422,"column":6}},"131":{"start":{"line":414,"column":8},"end":{"line":421,"column":10}},"132":{"start":{"line":419,"column":25},"end":{"line":419,"column":57}},"133":{"start":{"line":430,"column":4},"end":{"line":444,"column":6}},"134":{"start":{"line":431,"column":8},"end":{"line":433,"column":9}},"135":{"start":{"line":432,"column":12},"end":{"line":432,"column":25}},"136":{"start":{"line":434,"column":8},"end":{"line":442,"column":9}},"137":{"start":{"line":441,"column":12},"end":{"line":441,"column":24}},"138":{"start":{"line":443,"column":8},"end":{"line":443,"column":21}},"139":{"start":{"line":452,"column":4},"end":{"line":458,"column":6}},"140":{"start":{"line":453,"column":8},"end":{"line":457,"column":10}},"141":{"start":{"line":470,"column":4},"end":{"line":527,"column":6}},"142":{"start":{"line":471,"column":8},"end":{"line":471,"column":29}},"143":{"start":{"line":473,"column":8},"end":{"line":473,"column":66}},"144":{"start":{"line":476,"column":8},"end":{"line":479,"column":9}},"145":{"start":{"line":477,"column":12},"end":{"line":477,"column":38}},"146":{"start":{"line":478,"column":12},"end":{"line":478,"column":24}},"147":{"start":{"line":482,"column":8},"end":{"line":482,"column":53}},"148":{"start":{"line":485,"column":8},"end":{"line":488,"column":11}},"149":{"start":{"line":491,"column":8},"end":{"line":501,"column":9}},"150":{"start":{"line":493,"column":12},"end":{"line":498,"column":13}},"151":{"start":{"line":495,"column":16},"end":{"line":497,"column":30}},"152":{"start":{"line":496,"column":20},"end":{"line":496,"column":86}},"153":{"start":{"line":499,"column":12},"end":{"line":499,"column":38}},"154":{"start":{"line":500,"column":12},"end":{"line":500,"column":24}},"155":{"start":{"line":504,"column":8},"end":{"line":509,"column":9}},"156":{"start":{"line":507,"column":12},"end":{"line":507,"column":71}},"157":{"start":{"line":508,"column":12},"end":{"line":508,"column":82}},"158":{"start":{"line":512,"column":8},"end":{"line":521,"column":9}},"159":{"start":{"line":514,"column":12},"end":{"line":514,"column":46}},"160":{"start":{"line":515,"column":12},"end":{"line":515,"column":58}},"161":{"start":{"line":516,"column":12},"end":{"line":516,"column":53}},"162":{"start":{"line":517,"column":12},"end":{"line":520,"column":13}},"163":{"start":{"line":518,"column":16},"end":{"line":518,"column":75}},"164":{"start":{"line":519,"column":16},"end":{"line":519,"column":50}},"165":{"start":{"line":524,"column":8},"end":{"line":524,"column":65}},"166":{"start":{"line":526,"column":8},"end":{"line":526,"column":21}},"167":{"start":{"line":529,"column":4},"end":{"line":529,"column":49}},"168":{"start":{"line":530,"column":4},"end":{"line":530,"column":97}},"169":{"start":{"line":531,"column":4},"end":{"line":531,"column":52}},"170":{"start":{"line":533,"column":4},"end":{"line":533,"column":82}},"171":{"start":{"line":546,"column":4},"end":{"line":672,"column":6}},"172":{"start":{"line":547,"column":8},"end":{"line":547,"column":72}},"173":{"start":{"line":549,"column":8},"end":{"line":549,"column":68}},"174":{"start":{"line":551,"column":8},"end":{"line":551,"column":44}},"175":{"start":{"line":554,"column":8},"end":{"line":554,"column":36}},"176":{"start":{"line":554,"column":27},"end":{"line":554,"column":34}},"177":{"start":{"line":556,"column":8},"end":{"line":561,"column":10}},"178":{"start":{"line":562,"column":8},"end":{"line":562,"column":30}},"179":{"start":{"line":565,"column":8},"end":{"line":668,"column":9}},"180":{"start":{"line":566,"column":12},"end":{"line":566,"column":33}},"181":{"start":{"line":567,"column":12},"end":{"line":567,"column":29}},"182":{"start":{"line":568,"column":12},"end":{"line":568,"column":38}},"183":{"start":{"line":569,"column":12},"end":{"line":569,"column":40}},"184":{"start":{"line":572,"column":12},"end":{"line":572,"column":40}},"185":{"start":{"line":573,"column":12},"end":{"line":573,"column":40}},"186":{"start":{"line":574,"column":12},"end":{"line":574,"column":38}},"187":{"start":{"line":575,"column":12},"end":{"line":575,"column":75}},"188":{"start":{"line":576,"column":12},"end":{"line":576,"column":40}},"189":{"start":{"line":582,"column":12},"end":{"line":599,"column":13}},"190":{"start":{"line":584,"column":16},"end":{"line":584,"column":39}},"191":{"start":{"line":585,"column":16},"end":{"line":585,"column":69}},"192":{"start":{"line":586,"column":16},"end":{"line":586,"column":52}},"193":{"start":{"line":587,"column":16},"end":{"line":587,"column":52}},"194":{"start":{"line":588,"column":16},"end":{"line":590,"column":17}},"195":{"start":{"line":589,"column":20},"end":{"line":589,"column":65}},"196":{"start":{"line":595,"column":16},"end":{"line":597,"column":17}},"197":{"start":{"line":596,"column":20},"end":{"line":596,"column":55}},"198":{"start":{"line":598,"column":16},"end":{"line":598,"column":52}},"199":{"start":{"line":602,"column":12},"end":{"line":604,"column":13}},"200":{"start":{"line":603,"column":16},"end":{"line":603,"column":25}},"201":{"start":{"line":607,"column":12},"end":{"line":611,"column":13}},"202":{"start":{"line":610,"column":16},"end":{"line":610,"column":25}},"203":{"start":{"line":614,"column":12},"end":{"line":617,"column":13}},"204":{"start":{"line":615,"column":16},"end":{"line":615,"column":58}},"205":{"start":{"line":616,"column":16},"end":{"line":616,"column":53}},"206":{"start":{"line":623,"column":12},"end":{"line":661,"column":13}},"207":{"start":{"line":627,"column":17},"end":{"line":661,"column":13}},"208":{"start":{"line":628,"column":16},"end":{"line":628,"column":25}},"209":{"start":{"line":631,"column":17},"end":{"line":661,"column":13}},"210":{"start":{"line":636,"column":17},"end":{"line":661,"column":13}},"211":{"start":{"line":640,"column":17},"end":{"line":661,"column":13}},"212":{"start":{"line":649,"column":17},"end":{"line":661,"column":13}},"213":{"start":{"line":655,"column":17},"end":{"line":661,"column":13}},"214":{"start":{"line":660,"column":16},"end":{"line":660,"column":25}},"215":{"start":{"line":664,"column":12},"end":{"line":667,"column":26}},"216":{"start":{"line":665,"column":16},"end":{"line":665,"column":54}},"217":{"start":{"line":666,"column":16},"end":{"line":666,"column":40}},"218":{"start":{"line":671,"column":8},"end":{"line":671,"column":67}},"219":{"start":{"line":680,"column":4},"end":{"line":707,"column":6}},"220":{"start":{"line":681,"column":8},"end":{"line":681,"column":23}},"221":{"start":{"line":682,"column":8},"end":{"line":682,"column":55}},"222":{"start":{"line":685,"column":8},"end":{"line":685,"column":64}},"223":{"start":{"line":687,"column":8},"end":{"line":703,"column":9}},"224":{"start":{"line":689,"column":12},"end":{"line":689,"column":69}},"225":{"start":{"line":692,"column":12},"end":{"line":694,"column":13}},"226":{"start":{"line":693,"column":16},"end":{"line":693,"column":25}},"227":{"start":{"line":697,"column":12},"end":{"line":699,"column":13}},"228":{"start":{"line":698,"column":16},"end":{"line":698,"column":55}},"229":{"start":{"line":702,"column":12},"end":{"line":702,"column":44}},"230":{"start":{"line":706,"column":8},"end":{"line":706,"column":63}},"231":{"start":{"line":716,"column":4},"end":{"line":722,"column":6}},"232":{"start":{"line":717,"column":8},"end":{"line":717,"column":43}},"233":{"start":{"line":717,"column":34},"end":{"line":717,"column":41}},"234":{"start":{"line":719,"column":8},"end":{"line":721,"column":11}},"235":{"start":{"line":720,"column":12},"end":{"line":720,"column":60}},"236":{"start":{"line":731,"column":4},"end":{"line":847,"column":6}},"237":{"start":{"line":732,"column":8},"end":{"line":732,"column":79}},"238":{"start":{"line":736,"column":8},"end":{"line":738,"column":9}},"239":{"start":{"line":737,"column":12},"end":{"line":737,"column":28}},"240":{"start":{"line":741,"column":8},"end":{"line":747,"column":9}},"241":{"start":{"line":742,"column":12},"end":{"line":746,"column":13}},"242":{"start":{"line":743,"column":16},"end":{"line":743,"column":66}},"243":{"start":{"line":745,"column":16},"end":{"line":745,"column":41}},"244":{"start":{"line":750,"column":8},"end":{"line":760,"column":9}},"245":{"start":{"line":751,"column":12},"end":{"line":758,"column":13}},"246":{"start":{"line":753,"column":16},"end":{"line":757,"column":17}},"247":{"start":{"line":754,"column":20},"end":{"line":754,"column":54}},"248":{"start":{"line":755,"column":23},"end":{"line":757,"column":17}},"249":{"start":{"line":756,"column":20},"end":{"line":756,"column":64}},"250":{"start":{"line":759,"column":12},"end":{"line":759,"column":25}},"251":{"start":{"line":763,"column":8},"end":{"line":763,"column":26}},"252":{"start":{"line":766,"column":8},"end":{"line":766,"column":31}},"253":{"start":{"line":768,"column":8},"end":{"line":792,"column":9}},"254":{"start":{"line":771,"column":12},"end":{"line":771,"column":42}},"255":{"start":{"line":772,"column":12},"end":{"line":772,"column":70}},"256":{"start":{"line":773,"column":12},"end":{"line":778,"column":13}},"257":{"start":{"line":775,"column":16},"end":{"line":775,"column":36}},"258":{"start":{"line":777,"column":16},"end":{"line":777,"column":49}},"259":{"start":{"line":781,"column":12},"end":{"line":783,"column":13}},"260":{"start":{"line":782,"column":16},"end":{"line":782,"column":29}},"261":{"start":{"line":786,"column":12},"end":{"line":786,"column":40}},"262":{"start":{"line":789,"column":12},"end":{"line":791,"column":13}},"263":{"start":{"line":790,"column":16},"end":{"line":790,"column":46}},"264":{"start":{"line":795,"column":8},"end":{"line":795,"column":45}},"265":{"start":{"line":798,"column":8},"end":{"line":819,"column":9}},"266":{"start":{"line":801,"column":12},"end":{"line":803,"column":13}},"267":{"start":{"line":802,"column":16},"end":{"line":802,"column":25}},"268":{"start":{"line":806,"column":12},"end":{"line":808,"column":13}},"269":{"start":{"line":807,"column":16},"end":{"line":807,"column":25}},"270":{"start":{"line":811,"column":12},"end":{"line":813,"column":13}},"271":{"start":{"line":812,"column":16},"end":{"line":812,"column":56}},"272":{"start":{"line":816,"column":12},"end":{"line":816,"column":45}},"273":{"start":{"line":818,"column":12},"end":{"line":818,"column":34}},"274":{"start":{"line":822,"column":8},"end":{"line":844,"column":9}},"275":{"start":{"line":824,"column":12},"end":{"line":832,"column":13}},"276":{"start":{"line":825,"column":16},"end":{"line":825,"column":77}},"277":{"start":{"line":827,"column":16},"end":{"line":829,"column":17}},"278":{"start":{"line":828,"column":20},"end":{"line":828,"column":60}},"279":{"start":{"line":831,"column":16},"end":{"line":831,"column":34}},"280":{"start":{"line":834,"column":12},"end":{"line":841,"column":13}},"281":{"start":{"line":840,"column":16},"end":{"line":840,"column":81}},"282":{"start":{"line":843,"column":12},"end":{"line":843,"column":30}},"283":{"start":{"line":846,"column":8},"end":{"line":846,"column":64}},"284":{"start":{"line":856,"column":4},"end":{"line":860,"column":6}},"285":{"start":{"line":857,"column":8},"end":{"line":857,"column":59}},"286":{"start":{"line":857,"column":50},"end":{"line":857,"column":57}},"287":{"start":{"line":858,"column":8},"end":{"line":858,"column":52}},"288":{"start":{"line":859,"column":8},"end":{"line":859,"column":45}},"289":{"start":{"line":870,"column":4},"end":{"line":874,"column":6}},"290":{"start":{"line":871,"column":8},"end":{"line":873,"column":9}},"291":{"start":{"line":872,"column":12},"end":{"line":872,"column":36}},"292":{"start":{"line":883,"column":4},"end":{"line":887,"column":6}},"293":{"start":{"line":884,"column":8},"end":{"line":886,"column":9}},"294":{"start":{"line":885,"column":12},"end":{"line":885,"column":35}},"295":{"start":{"line":895,"column":4},"end":{"line":897,"column":6}},"296":{"start":{"line":896,"column":8},"end":{"line":896,"column":19}},"297":{"start":{"line":899,"column":4},"end":{"line":899,"column":21}}},"branchMap":{"1":{"line":4,"type":"cond-expr","locations":[{"start":{"line":4,"column":47},"end":{"line":4,"column":51}},{"start":{"line":4,"column":54},"end":{"line":4,"column":60}}]},"2":{"line":6,"type":"if","locations":[{"start":{"line":6,"column":4},"end":{"line":6,"column":4}},{"start":{"line":6,"column":4},"end":{"line":6,"column":4}}]},"3":{"line":6,"type":"binary-expr","locations":[{"start":{"line":6,"column":8},"end":{"line":6,"column":36}},{"start":{"line":6,"column":40},"end":{"line":6,"column":50}}]},"4":{"line":8,"type":"if","locations":[{"start":{"line":8,"column":11},"end":{"line":8,"column":11}},{"start":{"line":8,"column":11},"end":{"line":8,"column":11}}]},"5":{"line":32,"type":"if","locations":[{"start":{"line":32,"column":4},"end":{"line":32,"column":4}},{"start":{"line":32,"column":4},"end":{"line":32,"column":4}}]},"6":{"line":32,"type":"binary-expr","locations":[{"start":{"line":32,"column":8},"end":{"line":32,"column":15}},{"start":{"line":32,"column":19},"end":{"line":32,"column":35}},{"start":{"line":32,"column":39},"end":{"line":32,"column":69}}]},"7":{"line":45,"type":"binary-expr","locations":[{"start":{"line":45,"column":23},"end":{"line":45,"column":42}},{"start":{"line":45,"column":46},"end":{"line":45,"column":68}}]},"8":{"line":56,"type":"if","locations":[{"start":{"line":56,"column":4},"end":{"line":56,"column":4}},{"start":{"line":56,"column":4},"end":{"line":56,"column":4}}]},"9":{"line":58,"type":"if","locations":[{"start":{"line":58,"column":8},"end":{"line":58,"column":8}},{"start":{"line":58,"column":8},"end":{"line":58,"column":8}}]},"10":{"line":58,"type":"binary-expr","locations":[{"start":{"line":58,"column":12},"end":{"line":58,"column":28}},{"start":{"line":58,"column":32},"end":{"line":58,"column":62}}]},"11":{"line":74,"type":"binary-expr","locations":[{"start":{"line":74,"column":8},"end":{"line":74,"column":64}},{"start":{"line":75,"column":8},"end":{"line":75,"column":35}}]},"12":{"line":81,"type":"if","locations":[{"start":{"line":81,"column":12},"end":{"line":81,"column":12}},{"start":{"line":81,"column":12},"end":{"line":81,"column":12}}]},"13":{"line":94,"type":"if","locations":[{"start":{"line":94,"column":12},"end":{"line":94,"column":12}},{"start":{"line":94,"column":12},"end":{"line":94,"column":12}}]},"14":{"line":288,"type":"if","locations":[{"start":{"line":288,"column":8},"end":{"line":288,"column":8}},{"start":{"line":288,"column":8}
[...]
ACCEPT; },","            false","        );","    };","","    /**","     * _isClobbered","     *","     * @param  element to check for clobbering attacks","     * @return true if clobbered, false if safe","     */","    var _isClobbered = function(elm) {","        if (elm instanceof Text || elm instanceof Comment) {","            return false;","        }","        if (  typeof elm.nodeName !== 'string'","           || typeof elm.textContent !== 'string'","           || typeof elm.removeChild !== 'function'","           || !(elm.attributes instanceof NamedNodeMap)","           || typeof elm.removeAttribute !== 'function'","           || typeof elm.setAttribute !== 'function'","        ) {","            return true;","        }","        return false;","    };","","    /**","     * _isNode","     *","     * @param object to check whether it's a DOM node","     * @return true is object is a DOM node","     */","    var _isNode = function(obj) {","        return (","            typeof Node === \"object\" ? obj instanceof Node : obj","                && typeof obj === \"object\" && typeof obj.nodeType === \"number\"","                && typeof obj.nodeName===\"string\"","        );","    };","","    /**","     * _sanitizeElements","     *","     * @protect nodeName","     * @protect textContent","     * @protect removeChild","     *","     * @param   node to check for permission to exist","     * @return  true if node was killed, false if left alive","     */","    var _sanitizeElements = function(currentNode) {","        var tagName, content;","        /* Execute a hook if present */","        _executeHook('beforeSanitizeElements', currentNode, null);","","        /* Check if element is clobbered or can clobber */","        if (_isClobbered(currentNode)) {","            _forceRemove(currentNode);","            return true;","        }","","        /* Now let's check the element's type and name */","        tagName = currentNode.nodeName.toLowerCase();","","        /* Execute a hook if present */","        _executeHook('uponSanitizeElement', currentNode, {","            tagName: tagName,","            allowedTags: ALLOWED_TAGS","        });","","        /* Remove element if anything forbids its presence */","        if (!ALLOWED_TAGS[tagName] || FORBID_TAGS[tagName]) {","            /* Keep content except for black-listed elements */","            if (KEEP_CONTENT && !FORBID_CONTENTS[tagName]","                    && typeof currentNode.insertAdjacentHTML === 'function') {","                try {","                    currentNode.insertAdjacentHTML('AfterEnd', currentNode.innerHTML);","                } catch (e) {}","            }","            _forceRemove(currentNode);","            return true;","        }","","        /* Convert markup to cover jQuery behavior */","        if (SAFE_FOR_JQUERY && !currentNode.firstElementChild &&","                (!currentNode.content || !currentNode.content.firstElementChild) &&","                /</g.test(currentNode.textContent)) {","            DOMPurify.removed.push({element: currentNode.cloneNode()});","            currentNode.innerHTML = currentNode.textContent.replace(/</g, '&lt;');","        }","","        /* Sanitize element content to be template-safe */","        if (SAFE_FOR_TEMPLATES && currentNode.nodeType === 3) {","            /* Get the element's text content */","            content = currentNode.textContent;","            content = content.replace(MUSTACHE_EXPR, ' ');","            content = content.replace(ERB_EXPR, ' ');","            if (currentNode.textContent !== content) {","                DOMPurify.removed.push({element: currentNode.cloneNode()});","                currentNode.textContent = content;","            }","        }","","        /* Execute a hook if present */","        _executeHook('afterSanitizeElements', currentNode, null);","","        return false;","    };","","    var DATA_ATTR = /^data-[\\-\\w.\\u00B7-\\uFFFF]/;","    var IS_ALLOWED_URI = /^(?:(?:(?:f|ht)tps?|mailto|tel):|[^a-z]|[a-z+.\\-]+(?:[^a-z+.\\-:]|$))/i;","    var IS_SCRIPT_OR_DATA = /^(?:\\w+script|data):/i;","    /* This needs to be extensive thanks to Webkit/Blink's behavior */","    var ATTR_WHITESPACE = /[\\x00-\\x20\\xA0\\u1680\\u180E\\u2000-\\u2029\\u205f\\u3000]/g;","","    /**","     * _sanitizeAttributes","     *","     * @protect attributes","     * @protect nodeName","     * @protect removeAttribute","     * @protect setAttribute","     *","     * @param   node to sanitize","     * @return  void","     */","    var _sanitizeAttributes = function(currentNode) {","        var attr, name, value, lcName, idAttr, attributes, hookEvent, l;","        /* Execute a hook if present */","        _executeHook('beforeSanitizeAttributes', currentNode, null);","","        attributes = currentNode.attributes;","","        /* Check if we have attributes; if not we might have a text node */","        if (!attributes) { return; }","","        hookEvent = {","            attrName: '',","            attrValue: '',","            keepAttr: true,","            allowedAttributes: ALLOWED_ATTR","        };","        l = attributes.length;","","        /* Go backwards over all attributes; safely remove bad ones */","        while (l--) {","            attr = attributes[l];","            name = attr.name;","            value = attr.value.trim();","            lcName = name.toLowerCase();","","            /* Execute a hook if present */","            hookEvent.attrName = lcName;","            hookEvent.attrValue = value;","            hookEvent.keepAttr = true;","            _executeHook('uponSanitizeAttribute', currentNode, hookEvent );","            value = hookEvent.attrValue;","","            /* Remove attribute */","            // Safari (iOS + Mac), last tested v8.0.5, crashes if you try to","            // remove a \"name\" attribute from an <img> tag that has an \"id\"","            // attribute at the time.","            if (lcName === 'name'  &&","                    currentNode.nodeName === 'IMG' && attributes.id) {","                idAttr = attributes.id;","                attributes = Array.prototype.slice.apply(attributes);","                _removeAttribute('id', currentNode);","                _removeAttribute(name, currentNode);","                if (attributes.indexOf(idAttr) > l) {","                    currentNode.setAttribute('id', idAttr.value);","                }","            } else {","                // This avoids a crash in Safari v9.0 with double-ids.","                // The trick is to first set the id to be empty and then to","                // remove the attriubute","                if (name === 'id') {","                    currentNode.setAttribute(name, '');","                }","                _removeAttribute(name, currentNode);","            }","","            /* Did the hooks approve of the attribute? */","            if (!hookEvent.keepAttr) {","                continue;","            }","","            /* Make sure attribute cannot clobber */","            if (SANITIZE_DOM &&","                    (lcName === 'id' || lcName === 'name') &&","                    (value in window || value in document || value in formElement)) {","                continue;","            }","","            /* Sanitize attribute content to be template-safe */","            if (SAFE_FOR_TEMPLATES) {","                value = value.replace(MUSTACHE_EXPR, ' ');","                value = value.replace(ERB_EXPR, ' ');","            }","","            /* Allow valid data-* attributes: At least one character after \"-\"","               (https://html.spec.whatwg.org/multipage/dom.html#embedding-custom-non-visible-data-with-the-data-*-attributes)","               XML-compatible (https://html.spec.whatwg.org/multipage/infrastructure.html#xml-compatible and http://www.w3.org/TR/xml/#d0e804)","               We don't need to check the value; it's always URI safe. */","            if (ALLOW_DATA_ATTR && DATA_ATTR.test(lcName)) {","                // This attribute is safe","            }","            /* Otherwise, check the name is permitted */","            else if (!ALLOWED_ATTR[lcName] || FORBID_ATTR[lcName]) {","                continue;","            }","            /* Check value is safe. First, is attr inert? If so, is safe */","            else if (URI_SAFE_ATTRIBUTES[lcName]) {","                // This attribute is safe","            }","            /* Check no script, data or unknown possibly unsafe URI","               unless we know URI values are safe for that attribute */","            else if (IS_ALLOWED_URI.test(value.replace(ATTR_WHITESPACE,''))) {","                // This attribute is safe","            }","            /* Keep image data URIs alive if src is allowed */","            else if (","                lcName === 'src' &&","                value.indexOf('data:') === 0 &&","                DATA_URI_TAGS[currentNode.nodeName.toLowerCase()]) {","                // This attribute is safe","            }","            /* Allow unknown protocols: This provides support for links that","               are handled by protocol handlers which may be unknown ahead of","               time, e.g. fb:, spotify: */","            else if (","                ALLOW_UNKNOWN_PROTOCOLS &&","                !IS_SCRIPT_OR_DATA.test(value.replace(ATTR_WHITESPACE,''))) {","                // This attribute is safe","            }","            /* Check for binary attributes */","            else if (!value) {","                // binary attributes are safe at this point","            }","            /* Anything else, presume unsafe, do not add it back */","            else {","                continue;","            }","","            /* Handle invalid data-* attribute set by try-catching it */","            try {","                currentNode.setAttribute(name, value);","                DOMPurify.removed.pop();","            } catch (e) {}","        }","","        /* Execute a hook if present */","        _executeHook('afterSanitizeAttributes', currentNode, null);","    };","","    /**","     * _sanitizeShadowDOM","     *","     * @param  fragment to iterate over recursively","     * @return void","     */","    var _sanitizeShadowDOM = function(fragment) {","        var shadowNode;","        var shadowIterator = _createIterator(fragment);","","        /* Execute a hook if present */","        _executeHook('beforeSanitizeShadowDOM', fragment, null);","","        while ( (shadowNode = shadowIterator.nextNode()) ) {","            /* Execute a hook if present */","            _executeHook('uponSanitizeShadowNode', shadowNode, null);","","            /* Sanitize tags and elements */","            if (_sanitizeElements(shadowNode)) {","                continue;","            }","","            /* Deep shadow DOM detected */","            if (shadowNode.content instanceof DocumentFragment) {","                _sanitizeShadowDOM(shadowNode.content);","            }","","            /* Check attributes, sanitize if necessary */","            _sanitizeAttributes(shadowNode);","        }","","        /* Execute a hook if present */","        _executeHook('afterSanitizeShadowDOM', fragment, null);","    };","","    /**","     * _executeHook","     * Execute user configurable hooks","     *","     * @param  {String} entryPoint  Name of the hook's entry point","     * @param  {Node} currentNode","     */","    var _executeHook = function(entryPoint, currentNode, data) {","        if (!hooks[entryPoint]) { return; }","","        hooks[entryPoint].forEach(function(hook) {","            hook.call(DOMPurify, currentNode, data, CONFIG);","        });","    };","","    /**","     * sanitize","     * Public method providing core sanitation functionality","     *","     * @param {String|Node} dirty string or DOM node","     * @param {Object} configuration object","     */","    DOMPurify.sanitize = function(dirty, cfg) {","        var body, importedNode, currentNode, oldNode, nodeIterator, returnNode;","        /* Make sure we have a string to sanitize.","           DO NOT return early, as this will return the wrong type if","           the user has requested a DOM object rather than a string */","        if (!dirty) {","            dirty = '<!-->';","        }","","        /* Stringify, in case dirty is an object */","        if (typeof dirty !== 'string' && !_isNode(dirty)) {","            if (typeof dirty.toString !== 'function') {","                throw new TypeError('toString is not a function');","            } else {","                dirty = dirty.toString();","            }","        }","","        /* Check we can run. Otherwise fall back or ignore */","        if (!DOMPurify.isSupported) {","            if (typeof window.toStaticHTML === 'object'","                || typeof window.toStaticHTML === 'function') {","                if (typeof dirty === 'string') {","                    return window.toStaticHTML(dirty);","                } else if (_isNode(dirty)) {","                    return window.toStaticHTML(dirty.outerHTML);","                }","            }","            return dirty;","        }","","        /* Assign config vars */","        _parseConfig(cfg);","","        /* Clean up removed elements */","        DOMPurify.removed = [];","","        if (dirty instanceof Node) {","            /* If dirty is a DOM element, append to an empty document to avoid","               elements being stripped by the parser */","            body = _initDocument('<!-->');","            importedNode = body.ownerDocument.importNode(dirty, true);","            if (importedNode.nodeType === 1 && importedNode.nodeName === 'BODY') {","                /* Node is already a body, use as is */","                body = importedNode;","            } else {","                body.appendChild( importedNode );","            }","        } else {","            /* Exit directly if we have nothing to do */","            if (!RETURN_DOM && !WHOLE_DOCUMENT && dirty.indexOf('<') === -1) {","                return dirty;","            }","","            /* Initialize the document to work on */","            body = _initDocument(dirty);","","            /* Check we have a DOM node from the data */","            if (!body) {","                return RETURN_DOM ? null : '';","            }","        }","","        /* Get node iterator */","        nodeIterator = _createIterator(body);","","        /* Now start iterating over the created document */","        while ( (currentNode = nodeIterator.nextNode()) ) {","","            /* Fix IE's strange behavior with manipulated textNodes #89 */","            if (currentNode.nodeType === 3 && currentNode === oldNode) {","                continue;","            }","","            /* Sanitize tags and elements */","            if (_sanitizeElements(currentNode)) {","                continue;","            }","","            /* Shadow DOM detected, sanitize it */","            if (currentNode.content instanceof DocumentFragment) {","                _sanitizeShadowDOM(currentNode.content);","            }","","            /* Check attributes, sanitize if necessary */","            _sanitizeAttributes(currentNode);","","            oldNode = currentNode;","        }","","        /* Return sanitized string or DOM */","        if (RETURN_DOM) {","","            if (RETURN_DOM_FRAGMENT) {","                returnNode = createDocumentFragment.call(body.ownerDocument);","","                while (body.firstChild) {","                    returnNode.appendChild(body.firstChild);","                }","            } else {","                returnNode = body;","            }","","            if (RETURN_DOM_IMPORT) {","                /* adoptNode() is not used because internal state is not reset","                   (e.g. the past names map of a HTMLFormElement), this is safe","                   in theory but we would rather not risk another attack vector.","                   The state that is cloned by importNode() is explicitly defined","                   by the specs. */","                returnNode = importNode.call(originalDocument, returnNode, true);","            }","","            return returnNode;","        }","","        return WHOLE_DOCUMENT ? body.outerHTML : body.innerHTML;","    };","","    /**","     * addHook","     * Public method to add DOMPurify hooks","     *","     * @param {String} entryPoint","     * @param {Function} hookFunction","     */","    DOMPurify.addHook = function(entryPoint, hookFunction) {","        if (typeof hookFunction !== 'function') { return; }","        hooks[entryPoint] = hooks[entryPoint] || [];","        hooks[entryPoint].push(hookFunction);","    };","","    /**","     * removeHook","     * Public method to remove a DOMPurify hook at a given entryPoint","     * (pops it from the stack of hooks if more are present)","     *","     * @param {String} entryPoint","     * @return void","     */","    DOMPurify.removeHook = function(entryPoint) {","        if (hooks[entryPoint]) {","            hooks[entryPoint].pop();","        }","    };","","    /**","     * removeHooks","     * Public method to remove all DOMPurify hooks at a given entryPoint","     *","     * @param  {String} entryPoint","     * @return void","     */","    DOMPurify.removeHooks = function(entryPoint) {","        if (hooks[entryPoint]) {","            hooks[entryPoint] = [];","        }","    };","","    /**","     * removeAllHooks","     * Public method to remove all DOMPurify hooks","     *","     * @return void","     */","    DOMPurify.removeAllHooks = function() {","        hooks = {};","    };","","    return DOMPurify;","}));",""],"l":{"1":1,"4":1,"6":1,"7":0,"8":1,"9":1,"11":0,"16":1,"17":0,"24":1,"30":1,"32":1,"35":1,"36":1,"39":0,"40":0,"41":0,"42":0,"43":0,"44":0,"45":0,"46":0,"47":0,"48":0,"56":0,"57":0,"58":0,"59":0,"62":0,"63":0,"64":0,"65":0,"66":0,"68":0,"73":0,"78":0,"79":0,"80":0,"81":0,"82":0,"84":0,"86":0,"90":0,"91":0,"92":0,"93":0,"94":0,"95":0,"98":0,"107":0,"108":0,"151":0,"152":0,"211":0,"214":0,"217":0,"220":0,"223":0,"228":0,"231":0,"232":0,"235":0,"240":0,"243":0,"249":0,"252":0,"255":0,"258":0,"263":0,"268":0,"274":0,"279":0,"286":0,"288":0,"289":0,"293":0,"295":0,"297":0,"299":0,"301":0,"302":0,"303":0,"304":0,"305":0,"306":0,"307":0,"308":0,"309":0,"310":0,"312":0,"313":0,"316":0,"317":0,"321":0,"322":0,"323":0,"325":0,"327":0,"328":0,"329":0,"331":0,"333":0,"334":0,"338":0,"342":0,"344":0,"352":0,"353":0,"354":0,"355":0,"357":0,"367":0,"368":0,"372":0,"381":0,"383":0,"384":0,"385":0,"391":0,"392":0,"393":0,"394":0,"395":0,"399":0,"400":0,"403":0,"413":0,"414":0,"419":0,"430":0,"431":0,"432":0,"434":0,"441":0,"443":0,"452":0,"453":0,"470":0,"471":0,"473":0,"476":0,"477":0,"478":0,"482":0,"485":0,"491":0,"493":0,"495":0,"496":0,"499":0,"500":0,"504":0,"507":0,"508":0,"512":0,"514":0,"515":0,"516":0,"517":0,"518":0,"519":0,"524":0,"526":0,"529":0,"530":0,"531":0,"533":0,"546":0,"547":0,"549":0,"551":0,"554":0,"556":0,"562":0,"565":0,"566":0,"567":0,"568":0,"569":0,"572":0,"573":0,"574":0,"575":0,"576":0,"582":0,"584":0,"585":0,"586":0,"587":0,"588":0,"589":0,"595":0,"596":0,"598":0,"602":0,"603":0,"607":0,"610":0,"614":0,"615":0,"616":0,"623":0,"627":0,"628":0,"631":0,"636":0,"640":0,"649":0,"655":0,"660":0,"664":0,"665":0,"666":0,"671":0,"680":0,"681":0,"682":0,"685":0,"687":0,"689":0,"692":0,"693":0,"697":0,"698":0,"702":0,"706":0,"716":0,"717":0,"719":0,"720":0,"731":0,"732":0,"736":0,"737":0,"741":0,"742":0,"743":0,"745":0,"750":0,"751":0,"753":0,"754":0,"755":0,"756":0,"759":0,"763":0,"766":0,"768":0,"771":0,"772":0,"773":0,"775":0,"777":0,"781":0,"782":0,"786":0,"789":0,"790":0,"795":0,"798":0,"801":0,"802":0,"806":0,"807":0,"811":0,"812":0,"816":0,"818":0,"822":0,"824":0,"825":0,"827":0,"828":0,"831":0,"834":0,"840":0,"843":0,"846":0,"856":0,"857":0,"858":0,"859":0,"870":0,"871":0,"872":0,"883":0,"884":0,"885":0,"895":0,"896":0,"899":0}}}